<?xml version="1.0" encoding="UTF-8"?>
<testsuites>
  <testsuite name="" tests="148" assertions="403" errors="0" warnings="0" failures="0" skipped="0" time="0.111161">
    <testsuite name="Project Test Suite" tests="148" assertions="403" errors="0" warnings="0" failures="0" skipped="0" time="0.111161">
      <testsuite name="App\Card\CardHandTest" file="/Users/erik/dbwebb-kurser/mvc/me/report/tests/Cards/CardHandTest.php" tests="4" assertions="7" errors="0" warnings="0" failures="0" skipped="0" time="0.015947">
        <testcase name="testGetNumberCards" class="App\Card\CardHandTest" classname="App.Card.CardHandTest" file="/Users/erik/dbwebb-kurser/mvc/me/report/tests/Cards/CardHandTest.php" line="29" assertions="2" time="0.005088"/>
        <testcase name="testGetValues" class="App\Card\CardHandTest" classname="App.Card.CardHandTest" file="/Users/erik/dbwebb-kurser/mvc/me/report/tests/Cards/CardHandTest.php" line="50" assertions="1" time="0.009908"/>
        <testcase name="testGetImgNames" class="App\Card\CardHandTest" classname="App.Card.CardHandTest" file="/Users/erik/dbwebb-kurser/mvc/me/report/tests/Cards/CardHandTest.php" line="74" assertions="1" time="0.000333"/>
        <testcase name="testGetHand" class="App\Card\CardHandTest" classname="App.Card.CardHandTest" file="/Users/erik/dbwebb-kurser/mvc/me/report/tests/Cards/CardHandTest.php" line="98" assertions="3" time="0.000618"/>
      </testsuite>
      <testsuite name="App\Dice\DiceHandTest" file="/Users/erik/dbwebb-kurser/mvc/me/report/tests/Dice/DiceHandTest.php" tests="3" assertions="5" errors="0" warnings="0" failures="0" skipped="0" time="0.002003">
        <testcase name="testAddStubbedDices" class="App\Dice\DiceHandTest" classname="App.Dice.DiceHandTest" file="/Users/erik/dbwebb-kurser/mvc/me/report/tests/Dice/DiceHandTest.php" line="15" assertions="1" time="0.001485"/>
        <testcase name="testGetNumberDices" class="App\Dice\DiceHandTest" classname="App.Dice.DiceHandTest" file="/Users/erik/dbwebb-kurser/mvc/me/report/tests/Dice/DiceHandTest.php" line="37" assertions="3" time="0.000196"/>
        <testcase name="testGetString" class="App\Dice\DiceHandTest" classname="App.Dice.DiceHandTest" file="/Users/erik/dbwebb-kurser/mvc/me/report/tests/Dice/DiceHandTest.php" line="61" assertions="1" time="0.000321"/>
      </testsuite>
      <testsuite name="App\Dice\DiceTest" file="/Users/erik/dbwebb-kurser/mvc/me/report/tests/Dice/DiceTest.php" tests="4" assertions="54" errors="0" warnings="0" failures="0" skipped="0" time="0.003957">
        <testcase name="testCreateDice" class="App\Dice\DiceTest" classname="App.Dice.DiceTest" file="/Users/erik/dbwebb-kurser/mvc/me/report/tests/Dice/DiceTest.php" line="16" assertions="2" time="0.001380"/>
        <testcase name="testStubRollDiceLastRoll" class="App\Dice\DiceTest" classname="App.Dice.DiceTest" file="/Users/erik/dbwebb-kurser/mvc/me/report/tests/Dice/DiceTest.php" line="28" assertions="1" time="0.000255"/>
        <testcase name="testRoll" class="App\Dice\DiceTest" classname="App.Dice.DiceTest" file="/Users/erik/dbwebb-kurser/mvc/me/report/tests/Dice/DiceTest.php" line="45" assertions="50" time="0.002158"/>
        <testcase name="testGetValue" class="App\Dice\DiceTest" classname="App.Dice.DiceTest" file="/Users/erik/dbwebb-kurser/mvc/me/report/tests/Dice/DiceTest.php" line="60" assertions="1" time="0.000163"/>
      </testsuite>
      <testsuite name="App\Entity\BookTest" file="/Users/erik/dbwebb-kurser/mvc/me/report/tests/Entity/BookTest.php" tests="1" assertions="1" errors="0" warnings="0" failures="0" skipped="0" time="0.000854">
        <testcase name="testGetAttributesAsArray" class="App\Entity\BookTest" classname="App.Entity.BookTest" file="/Users/erik/dbwebb-kurser/mvc/me/report/tests/Entity/BookTest.php" line="15" assertions="1" time="0.000854"/>
      </testsuite>
      <testsuite name="App\FlopAndGo\ChallengeTest" file="/Users/erik/dbwebb-kurser/mvc/me/report/tests/FlopAndGo/ChallengeTest.php" tests="5" assertions="6" errors="0" warnings="0" failures="0" skipped="0" time="0.002129">
        <testcase name="testCreateChallenge" class="App\FlopAndGo\ChallengeTest" classname="App.FlopAndGo.ChallengeTest" file="/Users/erik/dbwebb-kurser/mvc/me/report/tests/FlopAndGo/ChallengeTest.php" line="29" assertions="1" time="0.001069"/>
        <testcase name="testIncrementHandsPlayed" class="App\FlopAndGo\ChallengeTest" classname="App.FlopAndGo.ChallengeTest" file="/Users/erik/dbwebb-kurser/mvc/me/report/tests/FlopAndGo/ChallengeTest.php" line="38" assertions="1" time="0.000172"/>
        <testcase name="testChallengeComplete" class="App\FlopAndGo\ChallengeTest" classname="App.FlopAndGo.ChallengeTest" file="/Users/erik/dbwebb-kurser/mvc/me/report/tests/FlopAndGo/ChallengeTest.php" line="47" assertions="2" time="0.000565"/>
        <testcase name="testDuration" class="App\FlopAndGo\ChallengeTest" classname="App.FlopAndGo.ChallengeTest" file="/Users/erik/dbwebb-kurser/mvc/me/report/tests/FlopAndGo/ChallengeTest.php" line="61" assertions="1" time="0.000162"/>
        <testcase name="testHandWinner" class="App\FlopAndGo\ChallengeTest" classname="App.FlopAndGo.ChallengeTest" file="/Users/erik/dbwebb-kurser/mvc/me/report/tests/FlopAndGo/ChallengeTest.php" line="70" assertions="1" time="0.000161"/>
      </testsuite>
      <testsuite name="App\FlopAndGo\DealerTest" file="/Users/erik/dbwebb-kurser/mvc/me/report/tests/FlopAndGo/DealerTest.php" tests="2" assertions="7" errors="0" warnings="0" failures="0" skipped="0" time="0.002978">
        <testcase name="testCreateDealer" class="App\FlopAndGo\DealerTest" classname="App.FlopAndGo.DealerTest" file="/Users/erik/dbwebb-kurser/mvc/me/report/tests/FlopAndGo/DealerTest.php" line="34" assertions="1" time="0.001144"/>
        <testcase name="testDealingAndShuffling" class="App\FlopAndGo\DealerTest" classname="App.FlopAndGo.DealerTest" file="/Users/erik/dbwebb-kurser/mvc/me/report/tests/FlopAndGo/DealerTest.php" line="42" assertions="6" time="0.001834"/>
      </testsuite>
      <testsuite name="App\FlopAndGo\GameTest" file="/Users/erik/dbwebb-kurser/mvc/me/report/tests/FlopAndGo/GameTest.php" tests="11" assertions="34" errors="0" warnings="0" failures="0" skipped="0" time="0.013006">
        <testcase name="testCreateGame" class="App\FlopAndGo\GameTest" classname="App.FlopAndGo.GameTest" file="/Users/erik/dbwebb-kurser/mvc/me/report/tests/FlopAndGo/GameTest.php" line="63" assertions="1" time="0.007010"/>
        <testcase name="testMaxBet" class="App\FlopAndGo\GameTest" classname="App.FlopAndGo.GameTest" file="/Users/erik/dbwebb-kurser/mvc/me/report/tests/FlopAndGo/GameTest.php" line="72" assertions="3" time="0.000583"/>
        <testcase name="testShowdownCheck" class="App\FlopAndGo\GameTest" classname="App.FlopAndGo.GameTest" file="/Users/erik/dbwebb-kurser/mvc/me/report/tests/FlopAndGo/GameTest.php" line="95" assertions="2" time="0.000467"/>
        <testcase name="testAlHandsPlayedCheck" class="App\FlopAndGo\GameTest" classname="App.FlopAndGo.GameTest" file="/Users/erik/dbwebb-kurser/mvc/me/report/tests/FlopAndGo/GameTest.php" line="109" assertions="2" time="0.000471"/>
        <testcase name="testIsSomeoneBroke" class="App\FlopAndGo\GameTest" classname="App.FlopAndGo.GameTest" file="/Users/erik/dbwebb-kurser/mvc/me/report/tests/FlopAndGo/GameTest.php" line="124" assertions="2" time="0.000474"/>
        <testcase name="testHeroBetSize" class="App\FlopAndGo\GameTest" classname="App.FlopAndGo.GameTest" file="/Users/erik/dbwebb-kurser/mvc/me/report/tests/FlopAndGo/GameTest.php" line="139" assertions="2" time="0.000460"/>
        <testcase name="testGameStateVariables" class="App\FlopAndGo\GameTest" classname="App.FlopAndGo.GameTest" file="/Users/erik/dbwebb-kurser/mvc/me/report/tests/FlopAndGo/GameTest.php" line="158" assertions="11" time="0.001011"/>
        <testcase name="testAllInCheck" class="App\FlopAndGo\GameTest" classname="App.FlopAndGo.GameTest" file="/Users/erik/dbwebb-kurser/mvc/me/report/tests/FlopAndGo/GameTest.php" line="187" assertions="2" time="0.000619"/>
        <testcase name="testDealCorrectStreet" class="App\FlopAndGo\GameTest" classname="App.FlopAndGo.GameTest" file="/Users/erik/dbwebb-kurser/mvc/me/report/tests/FlopAndGo/GameTest.php" line="200" assertions="4" time="0.000529"/>
        <testcase name="testHeroActions" class="App\FlopAndGo\GameTest" classname="App.FlopAndGo.GameTest" file="/Users/erik/dbwebb-kurser/mvc/me/report/tests/FlopAndGo/GameTest.php" line="228" assertions="3" time="0.000548"/>
        <testcase name="testNewHandVariable" class="App\FlopAndGo\GameTest" classname="App.FlopAndGo.GameTest" file="/Users/erik/dbwebb-kurser/mvc/me/report/tests/FlopAndGo/GameTest.php" line="258" assertions="2" time="0.000834"/>
      </testsuite>
      <testsuite name="App\FlopAndGo\HandCheckerTest" file="/Users/erik/dbwebb-kurser/mvc/me/report/tests/FlopAndGo/HandCheckerTest.php" tests="7" assertions="18" errors="0" warnings="0" failures="0" skipped="0" time="0.001127">
        <testcase name="testCreateChallenge" class="App\FlopAndGo\HandCheckerTest" classname="App.FlopAndGo.HandCheckerTest" file="/Users/erik/dbwebb-kurser/mvc/me/report/tests/FlopAndGo/HandCheckerTest.php" line="26" assertions="1" time="0.000154"/>
        <testcase name="testCheckForTrips" class="App\FlopAndGo\HandCheckerTest" classname="App.FlopAndGo.HandCheckerTest" file="/Users/erik/dbwebb-kurser/mvc/me/report/tests/FlopAndGo/HandCheckerTest.php" line="34" assertions="2" time="0.000159"/>
        <testcase name="testCheckWheelStraight" class="App\FlopAndGo\HandCheckerTest" classname="App.FlopAndGo.HandCheckerTest" file="/Users/erik/dbwebb-kurser/mvc/me/report/tests/FlopAndGo/HandCheckerTest.php" line="66" assertions="2" time="0.000165"/>
        <testcase name="testCheckForFull" class="App\FlopAndGo\HandCheckerTest" classname="App.FlopAndGo.HandCheckerTest" file="/Users/erik/dbwebb-kurser/mvc/me/report/tests/FlopAndGo/HandCheckerTest.php" line="88" assertions="2" time="0.000160"/>
        <testcase name="testCheckQuads" class="App\FlopAndGo\HandCheckerTest" classname="App.FlopAndGo.HandCheckerTest" file="/Users/erik/dbwebb-kurser/mvc/me/report/tests/FlopAndGo/HandCheckerTest.php" line="117" assertions="3" time="0.000160"/>
        <testcase name="testCheckForPairs" class="App\FlopAndGo\HandCheckerTest" classname="App.FlopAndGo.HandCheckerTest" file="/Users/erik/dbwebb-kurser/mvc/me/report/tests/FlopAndGo/HandCheckerTest.php" line="157" assertions="5" time="0.000167"/>
        <testcase name="testCheckForFlush" class="App\FlopAndGo\HandCheckerTest" classname="App.FlopAndGo.HandCheckerTest" file="/Users/erik/dbwebb-kurser/mvc/me/report/tests/FlopAndGo/HandCheckerTest.php" line="207" assertions="3" time="0.000162"/>
      </testsuite>
      <testsuite name="App\FlopAndGo\HeroTest" file="/Users/erik/dbwebb-kurser/mvc/me/report/tests/FlopAndGo/HeroTest.php" tests="4" assertions="6" errors="0" warnings="0" failures="0" skipped="0" time="0.000637">
        <testcase name="testCreateDealer" class="App\FlopAndGo\HeroTest" classname="App.FlopAndGo.HeroTest" file="/Users/erik/dbwebb-kurser/mvc/me/report/tests/FlopAndGo/HeroTest.php" line="30" assertions="1" time="0.000156"/>
        <testcase name="testGetName" class="App\FlopAndGo\HeroTest" classname="App.FlopAndGo.HeroTest" file="/Users/erik/dbwebb-kurser/mvc/me/report/tests/FlopAndGo/HeroTest.php" line="38" assertions="1" time="0.000152"/>
        <testcase name="testGetStack" class="App\FlopAndGo\HeroTest" classname="App.FlopAndGo.HeroTest" file="/Users/erik/dbwebb-kurser/mvc/me/report/tests/FlopAndGo/HeroTest.php" line="49" assertions="3" time="0.000160"/>
        <testcase name="testGetStrengthAfterUpdate" class="App\FlopAndGo\HeroTest" classname="App.FlopAndGo.HeroTest" file="/Users/erik/dbwebb-kurser/mvc/me/report/tests/FlopAndGo/HeroTest.php" line="67" assertions="1" time="0.000168"/>
      </testsuite>
      <testsuite name="App\FlopAndGo\PlayerTest" file="/Users/erik/dbwebb-kurser/mvc/me/report/tests/FlopAndGo/PlayerTest.php" tests="9" assertions="14" errors="0" warnings="0" failures="0" skipped="0" time="0.001646">
        <testcase name="testCreateDealer" class="App\FlopAndGo\PlayerTest" classname="App.FlopAndGo.PlayerTest" file="/Users/erik/dbwebb-kurser/mvc/me/report/tests/FlopAndGo/PlayerTest.php" line="33" assertions="1" time="0.000151"/>
        <testcase name="testCheckLastAction" class="App\FlopAndGo\PlayerTest" classname="App.FlopAndGo.PlayerTest" file="/Users/erik/dbwebb-kurser/mvc/me/report/tests/FlopAndGo/PlayerTest.php" line="41" assertions="1" time="0.000151"/>
        <testcase name="testTakePot" class="App\FlopAndGo\PlayerTest" classname="App.FlopAndGo.PlayerTest" file="/Users/erik/dbwebb-kurser/mvc/me/report/tests/FlopAndGo/PlayerTest.php" line="53" assertions="1" time="0.000147"/>
        <testcase name="testPosition" class="App\FlopAndGo\PlayerTest" classname="App.FlopAndGo.PlayerTest" file="/Users/erik/dbwebb-kurser/mvc/me/report/tests/FlopAndGo/PlayerTest.php" line="66" assertions="1" time="0.000151"/>
        <testcase name="testCurrentBet" class="App\FlopAndGo\PlayerTest" classname="App.FlopAndGo.PlayerTest" file="/Users/erik/dbwebb-kurser/mvc/me/report/tests/FlopAndGo/PlayerTest.php" line="78" assertions="4" time="0.000161"/>
        <testcase name="testResetLastAction" class="App\FlopAndGo\PlayerTest" classname="App.FlopAndGo.PlayerTest" file="/Users/erik/dbwebb-kurser/mvc/me/report/tests/FlopAndGo/PlayerTest.php" line="107" assertions="1" time="0.000151"/>
        <testcase name="testAllin" class="App\FlopAndGo\PlayerTest" classname="App.FlopAndGo.PlayerTest" file="/Users/erik/dbwebb-kurser/mvc/me/report/tests/FlopAndGo/PlayerTest.php" line="120" assertions="3" time="0.000162"/>
        <testcase name="testPayAnte" class="App\FlopAndGo\PlayerTest" classname="App.FlopAndGo.PlayerTest" file="/Users/erik/dbwebb-kurser/mvc/me/report/tests/FlopAndGo/PlayerTest.php" line="139" assertions="1" time="0.000148"/>
        <testcase name="testGetImagePaths" class="App\FlopAndGo\PlayerTest" classname="App.FlopAndGo.PlayerTest" file="/Users/erik/dbwebb-kurser/mvc/me/report/tests/FlopAndGo/PlayerTest.php" line="152" assertions="1" time="0.000423"/>
      </testsuite>
      <testsuite name="App\FlopAndGo\SpecialDealerTest" file="/Users/erik/dbwebb-kurser/mvc/me/report/tests/FlopAndGo/SpecialDealerTest.php" tests="7" assertions="15" errors="0" warnings="0" failures="0" skipped="0" time="0.003125">
        <testcase name="testCreateDealer" class="App\FlopAndGo\SpecialDealerTest" classname="App.FlopAndGo.SpecialDealerTest" file="/Users/erik/dbwebb-kurser/mvc/me/report/tests/FlopAndGo/SpecialDealerTest.php" line="54" assertions="1" time="0.000424"/>
        <testcase name="testDealHoleCards" class="App\FlopAndGo\SpecialDealerTest" classname="App.FlopAndGo.SpecialDealerTest" file="/Users/erik/dbwebb-kurser/mvc/me/report/tests/FlopAndGo/SpecialDealerTest.php" line="62" assertions="3" time="0.000452"/>
        <testcase name="testPlayersAllIn" class="App\FlopAndGo\SpecialDealerTest" classname="App.FlopAndGo.SpecialDealerTest" file="/Users/erik/dbwebb-kurser/mvc/me/report/tests/FlopAndGo/SpecialDealerTest.php" line="80" assertions="2" time="0.000439"/>
        <testcase name="testResetForNextHand" class="App\FlopAndGo\SpecialDealerTest" classname="App.FlopAndGo.SpecialDealerTest" file="/Users/erik/dbwebb-kurser/mvc/me/report/tests/FlopAndGo/SpecialDealerTest.php" line="98" assertions="3" time="0.000475"/>
        <testcase name="testDealToShowdown" class="App\FlopAndGo\SpecialDealerTest" classname="App.FlopAndGo.SpecialDealerTest" file="/Users/erik/dbwebb-kurser/mvc/me/report/tests/FlopAndGo/SpecialDealerTest.php" line="123" assertions="2" time="0.000447"/>
        <testcase name="testMoveChips" class="App\FlopAndGo\SpecialDealerTest" classname="App.FlopAndGo.SpecialDealerTest" file="/Users/erik/dbwebb-kurser/mvc/me/report/tests/FlopAndGo/SpecialDealerTest.php" line="137" assertions="2" time="0.000440"/>
        <testcase name="testGetFlop" class="App\FlopAndGo\SpecialDealerTest" classname="App.FlopAndGo.SpecialDealerTest" file="/Users/erik/dbwebb-kurser/mvc/me/report/tests/FlopAndGo/SpecialDealerTest.php" line="159" assertions="2" time="0.000448"/>
      </testsuite>
      <testsuite name="App\FlopAndGo\SpecialTableTest" file="/Users/erik/dbwebb-kurser/mvc/me/report/tests/FlopAndGo/SpecialTableTest.php" tests="9" assertions="20" errors="0" warnings="0" failures="0" skipped="0" time="0.002020">
        <testcase name="testCreateSpecialTable" class="App\FlopAndGo\SpecialTableTest" classname="App.FlopAndGo.SpecialTableTest" file="/Users/erik/dbwebb-kurser/mvc/me/report/tests/FlopAndGo/SpecialTableTest.php" line="38" assertions="1" time="0.000179"/>
        <testcase name="testMoveButton" class="App\FlopAndGo\SpecialTableTest" classname="App.FlopAndGo.SpecialTableTest" file="/Users/erik/dbwebb-kurser/mvc/me/report/tests/FlopAndGo/SpecialTableTest.php" line="46" assertions="4" time="0.000243"/>
        <testcase name="testGetPlayers" class="App\FlopAndGo\SpecialTableTest" classname="App.FlopAndGo.SpecialTableTest" file="/Users/erik/dbwebb-kurser/mvc/me/report/tests/FlopAndGo/SpecialTableTest.php" line="66" assertions="5" time="0.000193"/>
        <testcase name="testGetPriceToPlay" class="App\FlopAndGo\SpecialTableTest" classname="App.FlopAndGo.SpecialTableTest" file="/Users/erik/dbwebb-kurser/mvc/me/report/tests/FlopAndGo/SpecialTableTest.php" line="88" assertions="3" time="0.000191"/>
        <testcase name="testMinRaiseTracker" class="App\FlopAndGo\SpecialTableTest" classname="App.FlopAndGo.SpecialTableTest" file="/Users/erik/dbwebb-kurser/mvc/me/report/tests/FlopAndGo/SpecialTableTest.php" line="108" assertions="2" time="0.000187"/>
        <testcase name="testBoardFunctionality" class="App\FlopAndGo\SpecialTableTest" classname="App.FlopAndGo.SpecialTableTest" file="/Users/erik/dbwebb-kurser/mvc/me/report/tests/FlopAndGo/SpecialTableTest.php" line="123" assertions="2" time="0.000439"/>
        <testcase name="testBombPotCollection" class="App\FlopAndGo\SpecialTableTest" classname="App.FlopAndGo.SpecialTableTest" file="/Users/erik/dbwebb-kurser/mvc/me/report/tests/FlopAndGo/SpecialTableTest.php" line="144" assertions="1" time="0.000178"/>
        <testcase name="testSetStreet" class="App\FlopAndGo\SpecialTableTest" classname="App.FlopAndGo.SpecialTableTest" file="/Users/erik/dbwebb-kurser/mvc/me/report/tests/FlopAndGo/SpecialTableTest.php" line="156" assertions="1" time="0.000185"/>
        <testcase name="testSeatPlayers" class="App\FlopAndGo\SpecialTableTest" classname="App.FlopAndGo.SpecialTableTest" file="/Users/erik/dbwebb-kurser/mvc/me/report/tests/FlopAndGo/SpecialTableTest.php" line="170" assertions="1" time="0.000225"/>
      </testsuite>
      <testsuite name="App\FlopAndGo\StrategyTraitTest" file="/Users/erik/dbwebb-kurser/mvc/me/report/tests/FlopAndGo/StrategyTraitTest.php" tests="5" assertions="5" errors="0" warnings="0" failures="0" skipped="0" time="0.001397">
        <testcase name="testRandbetSize" class="App\FlopAndGo\StrategyTraitTest" classname="App.FlopAndGo.StrategyTraitTest" file="/Users/erik/dbwebb-kurser/mvc/me/report/tests/FlopAndGo/StrategyTraitTest.php" line="29" assertions="1" time="0.000730"/>
        <testcase name="testRandActionFacingBet" class="App\FlopAndGo\StrategyTraitTest" classname="App.FlopAndGo.StrategyTraitTest" file="/Users/erik/dbwebb-kurser/mvc/me/report/tests/FlopAndGo/StrategyTraitTest.php" line="48" assertions="1" time="0.000174"/>
        <testcase name="testBetVsCheck" class="App\FlopAndGo\StrategyTraitTest" classname="App.FlopAndGo.StrategyTraitTest" file="/Users/erik/dbwebb-kurser/mvc/me/report/tests/FlopAndGo/StrategyTraitTest.php" line="65" assertions="1" time="0.000165"/>
        <testcase name="testActionFacingCheck" class="App\FlopAndGo\StrategyTraitTest" classname="App.FlopAndGo.StrategyTraitTest" file="/Users/erik/dbwebb-kurser/mvc/me/report/tests/FlopAndGo/StrategyTraitTest.php" line="78" assertions="1" time="0.000167"/>
        <testcase name="testBetOpportunity" class="App\FlopAndGo\StrategyTraitTest" classname="App.FlopAndGo.StrategyTraitTest" file="/Users/erik/dbwebb-kurser/mvc/me/report/tests/FlopAndGo/StrategyTraitTest.php" line="94" assertions="1" time="0.000162"/>
      </testsuite>
      <testsuite name="App\FlopAndGo\VillainActionManager" file="/Users/erik/dbwebb-kurser/mvc/me/report/tests/FlopAndGo/VillainActionManagerTest.php" tests="6" assertions="9" errors="0" warnings="0" failures="0" skipped="0" time="0.003164">
        <testcase name="testVillainWaitsHisTurnIP" class="App\FlopAndGo\VillainActionManager" classname="App.FlopAndGo.VillainActionManager" file="/Users/erik/dbwebb-kurser/mvc/me/report/tests/FlopAndGo/VillainActionManagerTest.php" line="60" assertions="2" time="0.000503"/>
        <testcase name="testVillainMakesMoveOnHisTurnIP" class="App\FlopAndGo\VillainActionManager" classname="App.FlopAndGo.VillainActionManager" file="/Users/erik/dbwebb-kurser/mvc/me/report/tests/FlopAndGo/VillainActionManagerTest.php" line="83" assertions="1" time="0.000486"/>
        <testcase name="testVillainMakesMoveOnHisTurnOOP" class="App\FlopAndGo\VillainActionManager" classname="App.FlopAndGo.VillainActionManager" file="/Users/erik/dbwebb-kurser/mvc/me/report/tests/FlopAndGo/VillainActionManagerTest.php" line="101" assertions="1" time="0.000489"/>
        <testcase name="testVillainFoldOk" class="App\FlopAndGo\VillainActionManager" classname="App.FlopAndGo.VillainActionManager" file="/Users/erik/dbwebb-kurser/mvc/me/report/tests/FlopAndGo/VillainActionManagerTest.php" line="119" assertions="2" time="0.000497"/>
        <testcase name="testVillaiRaiseVsBetOk" class="App\FlopAndGo\VillainActionManager" classname="App.FlopAndGo.VillainActionManager" file="/Users/erik/dbwebb-kurser/mvc/me/report/tests/FlopAndGo/VillainActionManagerTest.php" line="138" assertions="1" time="0.000636"/>
        <testcase name="testVillainCalledVsBetOk" class="App\FlopAndGo\VillainActionManager" classname="App.FlopAndGo.VillainActionManager" file="/Users/erik/dbwebb-kurser/mvc/me/report/tests/FlopAndGo/VillainActionManagerTest.php" line="154" assertions="2" time="0.000553"/>
      </testsuite>
      <testsuite name="App\FlopAndGo\VillainTest" file="/Users/erik/dbwebb-kurser/mvc/me/report/tests/FlopAndGo/VillainTest.php" tests="5" assertions="6" errors="0" warnings="0" failures="0" skipped="0" time="0.000842">
        <testcase name="testCreateDealer" class="App\FlopAndGo\VillainTest" classname="App.FlopAndGo.VillainTest" file="/Users/erik/dbwebb-kurser/mvc/me/report/tests/FlopAndGo/VillainTest.php" line="30" assertions="1" time="0.000160"/>
        <testcase name="testGetName" class="App\FlopAndGo\VillainTest" classname="App.FlopAndGo.VillainTest" file="/Users/erik/dbwebb-kurser/mvc/me/report/tests/FlopAndGo/VillainTest.php" line="38" assertions="1" time="0.000159"/>
        <testcase name="testRaiseNoCurrentBet" class="App\FlopAndGo\VillainTest" classname="App.FlopAndGo.VillainTest" file="/Users/erik/dbwebb-kurser/mvc/me/report/tests/FlopAndGo/VillainTest.php" line="49" assertions="1" time="0.000156"/>
        <testcase name="testRaiseWithCurrentBet" class="App\FlopAndGo\VillainTest" classname="App.FlopAndGo.VillainTest" file="/Users/erik/dbwebb-kurser/mvc/me/report/tests/FlopAndGo/VillainTest.php" line="61" assertions="1" time="0.000169"/>
        <testcase name="testRaiseWithNotEnoughChips" class="App\FlopAndGo\VillainTest" classname="App.FlopAndGo.VillainTest" file="/Users/erik/dbwebb-kurser/mvc/me/report/tests/FlopAndGo/VillainTest.php" line="74" assertions="2" time="0.000199"/>
      </testsuite>
      <testsuite name="App\Poker\BetManagerTest" file="/Users/erik/dbwebb-kurser/mvc/me/report/tests/Poker/BetManagerTest.php" tests="7" assertions="19" errors="0" warnings="0" failures="0" skipped="0" time="0.006850">
        <testcase name="testCreateBetManager" class="App\Poker\BetManagerTest" classname="App.Poker.BetManagerTest" file="/Users/erik/dbwebb-kurser/mvc/me/report/tests/Poker/BetManagerTest.php" line="28" assertions="1" time="0.002870"/>
        <testcase name="testActionIsClosed" class="App\Poker\BetManagerTest" classname="App.Poker.BetManagerTest" file="/Users/erik/dbwebb-kurser/mvc/me/report/tests/Poker/BetManagerTest.php" line="36" assertions="2" time="0.000243"/>
        <testcase name="testGetPrice" class="App\Poker\BetManagerTest" classname="App.Poker.BetManagerTest" file="/Users/erik/dbwebb-kurser/mvc/me/report/tests/Poker/BetManagerTest.php" line="50" assertions="1" time="0.000200"/>
        <testcase name="testGetBiggestBet" class="App\Poker\BetManagerTest" classname="App.Poker.BetManagerTest" file="/Users/erik/dbwebb-kurser/mvc/me/report/tests/Poker/BetManagerTest.php" line="64" assertions="1" time="0.000185"/>
        <testcase name="testGetMinimumRaiseAllowed" class="App\Poker\BetManagerTest" classname="App.Poker.BetManagerTest" file="/Users/erik/dbwebb-kurser/mvc/me/report/tests/Poker/BetManagerTest.php" line="80" assertions="1" time="0.000183"/>
        <testcase name="testResetMethods" class="App\Poker\BetManagerTest" classname="App.Poker.BetManagerTest" file="/Users/erik/dbwebb-kurser/mvc/me/report/tests/Poker/BetManagerTest.php" line="94" assertions="6" time="0.000206"/>
        <testcase name="testPlayerClosedAction" class="App\Poker\BetManagerTest" classname="App.Poker.BetManagerTest" file="/Users/erik/dbwebb-kurser/mvc/me/report/tests/Poker/BetManagerTest.php" line="126" assertions="7" time="0.002963"/>
      </testsuite>
      <testsuite name="App\Poker\CardHandTest" file="/Users/erik/dbwebb-kurser/mvc/me/report/tests/Poker/CardHandTest.php" tests="4" assertions="7" errors="0" warnings="0" failures="0" skipped="0" time="0.002279">
        <testcase name="testGetNumberCards" class="App\Poker\CardHandTest" classname="App.Poker.CardHandTest" file="/Users/erik/dbwebb-kurser/mvc/me/report/tests/Poker/CardHandTest.php" line="27" assertions="2" time="0.001346"/>
        <testcase name="testGetValues" class="App\Poker\CardHandTest" classname="App.Poker.CardHandTest" file="/Users/erik/dbwebb-kurser/mvc/me/report/tests/Poker/CardHandTest.php" line="48" assertions="1" time="0.000356"/>
        <testcase name="testGetImgNames" class="App\Poker\CardHandTest" classname="App.Poker.CardHandTest" file="/Users/erik/dbwebb-kurser/mvc/me/report/tests/Poker/CardHandTest.php" line="72" assertions="1" time="0.000325"/>
        <testcase name="testGetHand" class="App\Poker\CardHandTest" classname="App.Poker.CardHandTest" file="/Users/erik/dbwebb-kurser/mvc/me/report/tests/Poker/CardHandTest.php" line="96" assertions="3" time="0.000252"/>
      </testsuite>
      <testsuite name="App\Poker\CardManagerTest" file="/Users/erik/dbwebb-kurser/mvc/me/report/tests/Poker/CardManagerTest.php" tests="6" assertions="36" errors="0" warnings="0" failures="0" skipped="0" time="0.005741">
        <testcase name="testCreateCardManager" class="App\Poker\CardManagerTest" classname="App.Poker.CardManagerTest" file="/Users/erik/dbwebb-kurser/mvc/me/report/tests/Poker/CardManagerTest.php" line="40" assertions="1" time="0.001754"/>
        <testcase name="testDealCardsToAllPlayers" class="App\Poker\CardManagerTest" classname="App.Poker.CardManagerTest" file="/Users/erik/dbwebb-kurser/mvc/me/report/tests/Poker/CardManagerTest.php" line="49" assertions="3" time="0.000755"/>
        <testcase name="testDealCommunityCards" class="App\Poker\CardManagerTest" classname="App.Poker.CardManagerTest" file="/Users/erik/dbwebb-kurser/mvc/me/report/tests/Poker/CardManagerTest.php" line="65" assertions="8" time="0.000478"/>
        <testcase name="testUpdateHandStrengths" class="App\Poker\CardManagerTest" classname="App.Poker.CardManagerTest" file="/Users/erik/dbwebb-kurser/mvc/me/report/tests/Poker/CardManagerTest.php" line="88" assertions="6" time="0.001724"/>
        <testcase name="testDealRemaining" class="App\Poker\CardManagerTest" classname="App.Poker.CardManagerTest" file="/Users/erik/dbwebb-kurser/mvc/me/report/tests/Poker/CardManagerTest.php" line="137" assertions="6" time="0.000522"/>
        <testcase name="testResetMethods" class="App\Poker\CardManagerTest" classname="App.Poker.CardManagerTest" file="/Users/erik/dbwebb-kurser/mvc/me/report/tests/Poker/CardManagerTest.php" line="165" assertions="12" time="0.000508"/>
      </testsuite>
      <testsuite name="App\Poker\CommunityCardManagerTest" file="/Users/erik/dbwebb-kurser/mvc/me/report/tests/Poker/CommunityCardManagerTest.php" tests="2" assertions="5" errors="0" warnings="0" failures="0" skipped="0" time="0.001034">
        <testcase name="testCreateCCManager" class="App\Poker\CommunityCardManagerTest" classname="App.Poker.CommunityCardManagerTest" file="/Users/erik/dbwebb-kurser/mvc/me/report/tests/Poker/CommunityCardManagerTest.php" line="25" assertions="1" time="0.000835"/>
        <testcase name="testCCMMethods" class="App\Poker\CommunityCardManagerTest" classname="App.Poker.CommunityCardManagerTest" file="/Users/erik/dbwebb-kurser/mvc/me/report/tests/Poker/CommunityCardManagerTest.php" line="34" assertions="4" time="0.000199"/>
      </testsuite>
      <testsuite name="App\Poker\DealerTest" file="/Users/erik/dbwebb-kurser/mvc/me/report/tests/Poker/DealerTest.php" tests="1" assertions="2" errors="0" warnings="0" failures="0" skipped="0" time="0.000422">
        <testcase name="testDealHoleCards" class="App\Poker\DealerTest" classname="App.Poker.DealerTest" file="/Users/erik/dbwebb-kurser/mvc/me/report/tests/Poker/DealerTest.php" line="38" assertions="2" time="0.000422"/>
      </testsuite>
      <testsuite name="App\Poker\GameTest" file="/Users/erik/dbwebb-kurser/mvc/me/report/tests/Poker/GameTest.php" tests="2" assertions="4" errors="0" warnings="0" failures="0" skipped="0" time="0.007565">
        <testcase name="testCreateGame" class="App\Poker\GameTest" classname="App.Poker.GameTest" file="/Users/erik/dbwebb-kurser/mvc/me/report/tests/Poker/GameTest.php" line="37" assertions="1" time="0.006941"/>
        <testcase name="testGetPlayers" class="App\Poker\GameTest" classname="App.Poker.GameTest" file="/Users/erik/dbwebb-kurser/mvc/me/report/tests/Poker/GameTest.php" line="44" assertions="3" time="0.000624"/>
      </testsuite>
      <testsuite name="App\Poker\HeroActionManagerTest" file="/Users/erik/dbwebb-kurser/mvc/me/report/tests/Poker/HeroActionManagerTest.php" tests="2" assertions="5" errors="0" warnings="0" failures="0" skipped="0" time="0.000519">
        <testcase name="testCreateHeroActionManager" class="App\Poker\HeroActionManagerTest" classname="App.Poker.HeroActionManagerTest" file="/Users/erik/dbwebb-kurser/mvc/me/report/tests/Poker/HeroActionManagerTest.php" line="28" assertions="1" time="0.000181"/>
        <testcase name="testHeroActions" class="App\Poker\HeroActionManagerTest" classname="App.Poker.HeroActionManagerTest" file="/Users/erik/dbwebb-kurser/mvc/me/report/tests/Poker/HeroActionManagerTest.php" line="36" assertions="4" time="0.000337"/>
      </testsuite>
      <testsuite name="App\Poker\ManagerTest" file="/Users/erik/dbwebb-kurser/mvc/me/report/tests/Poker/ManagerTest.php" tests="10" assertions="45" errors="0" warnings="0" failures="0" skipped="0" time="0.008476">
        <testcase name="testCreateManager" class="App\Poker\ManagerTest" classname="App.Poker.ManagerTest" file="/Users/erik/dbwebb-kurser/mvc/me/report/tests/Poker/ManagerTest.php" line="115" assertions="1" time="0.001072"/>
        <testcase name="testGivePotToWinner" class="App\Poker\ManagerTest" classname="App.Poker.ManagerTest" file="/Users/erik/dbwebb-kurser/mvc/me/report/tests/Poker/ManagerTest.php" line="123" assertions="3" time="0.000589"/>
        <testcase name="testShowdown" class="App\Poker\ManagerTest" classname="App.Poker.ManagerTest" file="/Users/erik/dbwebb-kurser/mvc/me/report/tests/Poker/ManagerTest.php" line="146" assertions="2" time="0.001975"/>
        <testcase name="testDeal" class="App\Poker\ManagerTest" classname="App.Poker.ManagerTest" file="/Users/erik/dbwebb-kurser/mvc/me/report/tests/Poker/ManagerTest.php" line="191" assertions="4" time="0.000591"/>
        <testcase name="testOpponentsMove" class="App\Poker\ManagerTest" classname="App.Poker.ManagerTest" file="/Users/erik/dbwebb-kurser/mvc/me/report/tests/Poker/ManagerTest.php" line="216" assertions="14" time="0.000795"/>
        <testcase name="testOpponentsPlayVAllIn" class="App\Poker\ManagerTest" classname="App.Poker.ManagerTest" file="/Users/erik/dbwebb-kurser/mvc/me/report/tests/Poker/ManagerTest.php" line="280" assertions="4" time="0.000850"/>
        <testcase name="testOpponentsInFrontPlayVsActionClose" class="App\Poker\ManagerTest" classname="App.Poker.ManagerTest" file="/Users/erik/dbwebb-kurser/mvc/me/report/tests/Poker/ManagerTest.php" line="305" assertions="6" time="0.000722">
          <system-out>bool(false)
</system-out>
        </testcase>
        <testcase name="testHeroMakesAPlay" class="App\Poker\ManagerTest" classname="App.Poker.ManagerTest" file="/Users/erik/dbwebb-kurser/mvc/me/report/tests/Poker/ManagerTest.php" line="346" assertions="5" time="0.000760"/>
        <testcase name="testDealToShowDown" class="App\Poker\ManagerTest" classname="App.Poker.ManagerTest" file="/Users/erik/dbwebb-kurser/mvc/me/report/tests/Poker/ManagerTest.php" line="383" assertions="2" time="0.000525"/>
        <testcase name="testResetTable" class="App\Poker\ManagerTest" classname="App.Poker.ManagerTest" file="/Users/erik/dbwebb-kurser/mvc/me/report/tests/Poker/ManagerTest.php" line="396" assertions="4" time="0.000597">
          <system-out>hellohellohello</system-out>
        </testcase>
      </testsuite>
      <testsuite name="App\Poker\OpponentActionManagerTest" file="/Users/erik/dbwebb-kurser/mvc/me/report/tests/Poker/OpponentActionManagerTest.php" tests="1" assertions="1" errors="0" warnings="0" failures="0" skipped="0" time="0.000281">
        <testcase name="testCreateOpponentActionManager" class="App\Poker\OpponentActionManagerTest" classname="App.Poker.OpponentActionManagerTest" file="/Users/erik/dbwebb-kurser/mvc/me/report/tests/Poker/OpponentActionManagerTest.php" line="28" assertions="1" time="0.000281"/>
      </testsuite>
      <testsuite name="App\Poker\PlayerTest" file="/Users/erik/dbwebb-kurser/mvc/me/report/tests/Poker/PlayerTest.php" tests="2" assertions="4" errors="0" warnings="0" failures="0" skipped="0" time="0.000380">
        <testcase name="testCreatePlayer" class="App\Poker\PlayerTest" classname="App.Poker.PlayerTest" file="/Users/erik/dbwebb-kurser/mvc/me/report/tests/Poker/PlayerTest.php" line="37" assertions="1" time="0.000175"/>
        <testcase name="testReceiveCards" class="App\Poker\PlayerTest" classname="App.Poker.PlayerTest" file="/Users/erik/dbwebb-kurser/mvc/me/report/tests/Poker/PlayerTest.php" line="45" assertions="3" time="0.000205"/>
      </testsuite>
      <testsuite name="App\Poker\PositionManagerTest" file="/Users/erik/dbwebb-kurser/mvc/me/report/tests/Poker/PositionManagerTest.php" tests="4" assertions="20" errors="0" warnings="0" failures="0" skipped="0" time="0.000992">
        <testcase name="testCreatePositionManager" class="App\Poker\PositionManagerTest" classname="App.Poker.PositionManagerTest" file="/Users/erik/dbwebb-kurser/mvc/me/report/tests/Poker/PositionManagerTest.php" line="25" assertions="1" time="0.000154"/>
        <testcase name="testPositionsInitAndUpdate" class="App\Poker\PositionManagerTest" classname="App.Poker.PositionManagerTest" file="/Users/erik/dbwebb-kurser/mvc/me/report/tests/Poker/PositionManagerTest.php" line="33" assertions="9" time="0.000405"/>
        <testcase name="testSortByPosition" class="App\Poker\PositionManagerTest" classname="App.Poker.PositionManagerTest" file="/Users/erik/dbwebb-kurser/mvc/me/report/tests/Poker/PositionManagerTest.php" line="68" assertions="7" time="0.000226"/>
        <testcase name="testPlayerIsLast" class="App\Poker\PositionManagerTest" classname="App.Poker.PositionManagerTest" file="/Users/erik/dbwebb-kurser/mvc/me/report/tests/Poker/PositionManagerTest.php" line="98" assertions="3" time="0.000208"/>
      </testsuite>
      <testsuite name="App\Poker\PotManagerTest" file="/Users/erik/dbwebb-kurser/mvc/me/report/tests/Poker/PotManagerTest.php" tests="2" assertions="4" errors="0" warnings="0" failures="0" skipped="0" time="0.000497">
        <testcase name="testCreatePotManager" class="App\Poker\PotManagerTest" classname="App.Poker.PotManagerTest" file="/Users/erik/dbwebb-kurser/mvc/me/report/tests/Poker/PotManagerTest.php" line="29" assertions="1" time="0.000178"/>
        <testcase name="testPotMethods" class="App\Poker\PotManagerTest" classname="App.Poker.PotManagerTest" file="/Users/erik/dbwebb-kurser/mvc/me/report/tests/Poker/PotManagerTest.php" line="37" assertions="3" time="0.000319"/>
      </testsuite>
      <testsuite name="App\Poker\SameHandEvaluatorTest" file="/Users/erik/dbwebb-kurser/mvc/me/report/tests/Poker/SameHandEvaluatorTest.php" tests="8" assertions="15" errors="0" warnings="0" failures="0" skipped="0" time="0.001457">
        <testcase name="testCreateGame" class="App\Poker\SameHandEvaluatorTest" classname="App.Poker.SameHandEvaluatorTest" file="/Users/erik/dbwebb-kurser/mvc/me/report/tests/Poker/SameHandEvaluatorTest.php" line="27" assertions="1" time="0.000158"/>
        <testcase name="testOnePairComparison" class="App\Poker\SameHandEvaluatorTest" classname="App.Poker.SameHandEvaluatorTest" file="/Users/erik/dbwebb-kurser/mvc/me/report/tests/Poker/SameHandEvaluatorTest.php" line="35" assertions="2" time="0.000188"/>
        <testcase name="testTwoPairComparison" class="App\Poker\SameHandEvaluatorTest" classname="App.Poker.SameHandEvaluatorTest" file="/Users/erik/dbwebb-kurser/mvc/me/report/tests/Poker/SameHandEvaluatorTest.php" line="64" assertions="2" time="0.000172"/>
        <testcase name="testTripComparison" class="App\Poker\SameHandEvaluatorTest" classname="App.Poker.SameHandEvaluatorTest" file="/Users/erik/dbwebb-kurser/mvc/me/report/tests/Poker/SameHandEvaluatorTest.php" line="92" assertions="2" time="0.000182"/>
        <testcase name="testQuadsComparison" class="App\Poker\SameHandEvaluatorTest" classname="App.Poker.SameHandEvaluatorTest" file="/Users/erik/dbwebb-kurser/mvc/me/report/tests/Poker/SameHandEvaluatorTest.php" line="120" assertions="2" time="0.000174"/>
        <testcase name="testFullHousesComparison" class="App\Poker\SameHandEvaluatorTest" classname="App.Poker.SameHandEvaluatorTest" file="/Users/erik/dbwebb-kurser/mvc/me/report/tests/Poker/SameHandEvaluatorTest.php" line="149" assertions="2" time="0.000176"/>
        <testcase name="testFlushesComparison" class="App\Poker\SameHandEvaluatorTest" classname="App.Poker.SameHandEvaluatorTest" file="/Users/erik/dbwebb-kurser/mvc/me/report/tests/Poker/SameHandEvaluatorTest.php" line="177" assertions="3" time="0.000229">
          <system-out>Flush Cards 1: 7, 6, 5, 4, 3, 2, 1
Flush Cards 2: 8, 6, 5, 4, 3, 2, 1
Flush Cards 1: 7, 6, 5, 4, 3, 2, 1
Flush Cards 2: 6, 5, 4, 3, 2, 1
Flush Cards 1: 7, 6, 5, 4, 3, 2, 1
Flush Cards 2: 8, 6, 5, 4, 3, 2, 1
Flush Cards 3: 9, 7, 6, 5, 4, 3, 2
</system-out>
        </testcase>
        <testcase name="testStraightsComparison" class="App\Poker\SameHandEvaluatorTest" classname="App.Poker.SameHandEvaluatorTest" file="/Users/erik/dbwebb-kurser/mvc/me/report/tests/Poker/SameHandEvaluatorTest.php" line="235" assertions="1" time="0.000179"/>
      </testsuite>
      <testsuite name="App\Poker\ShowdownManagerTest" file="/Users/erik/dbwebb-kurser/mvc/me/report/tests/Poker/ShowdownManagerTest.php" tests="6" assertions="7" errors="0" warnings="0" failures="0" skipped="0" time="0.002800">
        <testcase name="testCreateShowdownManager" class="App\Poker\ShowdownManagerTest" classname="App.Poker.ShowdownManagerTest" file="/Users/erik/dbwebb-kurser/mvc/me/report/tests/Poker/ShowdownManagerTest.php" line="85" assertions="1" time="0.000255"/>
        <testcase name="testFindOneWinner" class="App\Poker\ShowdownManagerTest" classname="App.Poker.ShowdownManagerTest" file="/Users/erik/dbwebb-kurser/mvc/me/report/tests/Poker/ShowdownManagerTest.php" line="93" assertions="2" time="0.000679"/>
        <testcase name="testFlushComparison" class="App\Poker\ShowdownManagerTest" classname="App.Poker.ShowdownManagerTest" file="/Users/erik/dbwebb-kurser/mvc/me/report/tests/Poker/ShowdownManagerTest.php" line="130" assertions="1" time="0.000478">
          <system-out>Flush Cards 1: 14, 12, 10, 9, 2
Flush Cards 2: 14, 12, 10, 9, 2
</system-out>
        </testcase>
        <testcase name="testStraightsComparison" class="App\Poker\ShowdownManagerTest" classname="App.Poker.ShowdownManagerTest" file="/Users/erik/dbwebb-kurser/mvc/me/report/tests/Poker/ShowdownManagerTest.php" line="249" assertions="1" time="0.000549"/>
        <testcase name="testHighCardsComparison" class="App\Poker\ShowdownManagerTest" classname="App.Poker.ShowdownManagerTest" file="/Users/erik/dbwebb-kurser/mvc/me/report/tests/Poker/ShowdownManagerTest.php" line="321" assertions="1" time="0.000389"/>
        <testcase name="testHighTwoPairComparison" class="App\Poker\ShowdownManagerTest" classname="App.Poker.ShowdownManagerTest" file="/Users/erik/dbwebb-kurser/mvc/me/report/tests/Poker/ShowdownManagerTest.php" line="334" assertions="1" time="0.000451"/>
      </testsuite>
      <testsuite name="App\Poker\StateManagerTest" file="/Users/erik/dbwebb-kurser/mvc/me/report/tests/Poker/StateManagerTest.php" tests="6" assertions="10" errors="0" warnings="0" failures="0" skipped="0" time="0.001069">
        <testcase name="testCreateStateManager" class="App\Poker\StateManagerTest" classname="App.Poker.StateManagerTest" file="/Users/erik/dbwebb-kurser/mvc/me/report/tests/Poker/StateManagerTest.php" line="29" assertions="1" time="0.000167"/>
        <testcase name="testGetActivePlayers" class="App\Poker\StateManagerTest" classname="App.Poker.StateManagerTest" file="/Users/erik/dbwebb-kurser/mvc/me/report/tests/Poker/StateManagerTest.php" line="37" assertions="2" time="0.000189"/>
        <testcase name="testFindWinner" class="App\Poker\StateManagerTest" classname="App.Poker.StateManagerTest" file="/Users/erik/dbwebb-kurser/mvc/me/report/tests/Poker/StateManagerTest.php" line="55" assertions="1" time="0.000170"/>
        <testcase name="testRemoveInactivePlayers" class="App\Poker\StateManagerTest" classname="App.Poker.StateManagerTest" file="/Users/erik/dbwebb-kurser/mvc/me/report/tests/Poker/StateManagerTest.php" line="70" assertions="1" time="0.000181"/>
        <testcase name="testHeroAlreadyMoved" class="App\Poker\StateManagerTest" classname="App.Poker.StateManagerTest" file="/Users/erik/dbwebb-kurser/mvc/me/report/tests/Poker/StateManagerTest.php" line="85" assertions="3" time="0.000181"/>
        <testcase name="testWonWithNoShowdown" class="App\Poker\StateManagerTest" classname="App.Poker.StateManagerTest" file="/Users/erik/dbwebb-kurser/mvc/me/report/tests/Poker/StateManagerTest.php" line="104" assertions="2" time="0.000181"/>
      </testsuite>
      <testsuite name="App\Poker\StreetManagerTest" file="/Users/erik/dbwebb-kurser/mvc/me/report/tests/Poker/StreetManagerTest.php" tests="2" assertions="6" errors="0" warnings="0" failures="0" skipped="0" time="0.000334">
        <testcase name="testCreateStreetanager" class="App\Poker\StreetManagerTest" classname="App.Poker.StreetManagerTest" file="/Users/erik/dbwebb-kurser/mvc/me/report/tests/Poker/StreetManagerTest.php" line="25" assertions="1" time="0.000147"/>
        <testcase name="testSetNextStreet" class="App\Poker\StreetManagerTest" classname="App.Poker.StreetManagerTest" file="/Users/erik/dbwebb-kurser/mvc/me/report/tests/Poker/StreetManagerTest.php" line="33" assertions="5" time="0.000187"/>
      </testsuite>
      <testsuite name="App\Repository\BookRepositoryTest" file="/Users/erik/dbwebb-kurser/mvc/me/report/tests/Repository/BookRepositoryTest.php" tests="1" assertions="6" errors="0" warnings="0" failures="0" skipped="0" time="0.015634">
        <testcase name="testProcessBookFromRequest" class="App\Repository\BookRepositoryTest" classname="App.Repository.BookRepositoryTest" file="/Users/erik/dbwebb-kurser/mvc/me/report/tests/Repository/BookRepositoryTest.php" line="18" assertions="6" time="0.015634"/>
      </testsuite>
    </testsuite>
  </testsuite>
</testsuites>
