<?xml version="1.0" encoding="UTF-8"?>
<testsuites>
  <testsuite name="" tests="83" assertions="213" errors="0" warnings="0" failures="0" skipped="0" time="0.070971">
    <testsuite name="Project Test Suite" tests="83" assertions="213" errors="0" warnings="0" failures="0" skipped="0" time="0.070971">
      <testsuite name="App\Card\CardHandTest" file="/Users/erik/dbwebb-kurser/mvc/me/report/tests/Cards/CardHandTest.php" tests="4" assertions="7" errors="0" warnings="0" failures="0" skipped="0" time="0.015245">
        <testcase name="testGetNumberCards" class="App\Card\CardHandTest" classname="App.Card.CardHandTest" file="/Users/erik/dbwebb-kurser/mvc/me/report/tests/Cards/CardHandTest.php" line="29" assertions="2" time="0.004830"/>
        <testcase name="testGetValues" class="App\Card\CardHandTest" classname="App.Card.CardHandTest" file="/Users/erik/dbwebb-kurser/mvc/me/report/tests/Cards/CardHandTest.php" line="50" assertions="1" time="0.009475"/>
        <testcase name="testGetImgNames" class="App\Card\CardHandTest" classname="App.Card.CardHandTest" file="/Users/erik/dbwebb-kurser/mvc/me/report/tests/Cards/CardHandTest.php" line="74" assertions="1" time="0.000341"/>
        <testcase name="testGetHand" class="App\Card\CardHandTest" classname="App.Card.CardHandTest" file="/Users/erik/dbwebb-kurser/mvc/me/report/tests/Cards/CardHandTest.php" line="98" assertions="3" time="0.000599"/>
      </testsuite>
      <testsuite name="App\Dice\DiceHandTest" file="/Users/erik/dbwebb-kurser/mvc/me/report/tests/Dice/DiceHandTest.php" tests="3" assertions="5" errors="0" warnings="0" failures="0" skipped="0" time="0.001937">
        <testcase name="testAddStubbedDices" class="App\Dice\DiceHandTest" classname="App.Dice.DiceHandTest" file="/Users/erik/dbwebb-kurser/mvc/me/report/tests/Dice/DiceHandTest.php" line="15" assertions="1" time="0.001421"/>
        <testcase name="testGetNumberDices" class="App\Dice\DiceHandTest" classname="App.Dice.DiceHandTest" file="/Users/erik/dbwebb-kurser/mvc/me/report/tests/Dice/DiceHandTest.php" line="37" assertions="3" time="0.000199"/>
        <testcase name="testGetString" class="App\Dice\DiceHandTest" classname="App.Dice.DiceHandTest" file="/Users/erik/dbwebb-kurser/mvc/me/report/tests/Dice/DiceHandTest.php" line="61" assertions="1" time="0.000317"/>
      </testsuite>
      <testsuite name="App\Dice\DiceTest" file="/Users/erik/dbwebb-kurser/mvc/me/report/tests/Dice/DiceTest.php" tests="4" assertions="54" errors="0" warnings="0" failures="0" skipped="0" time="0.003855">
        <testcase name="testCreateDice" class="App\Dice\DiceTest" classname="App.Dice.DiceTest" file="/Users/erik/dbwebb-kurser/mvc/me/report/tests/Dice/DiceTest.php" line="16" assertions="2" time="0.001331"/>
        <testcase name="testStubRollDiceLastRoll" class="App\Dice\DiceTest" classname="App.Dice.DiceTest" file="/Users/erik/dbwebb-kurser/mvc/me/report/tests/Dice/DiceTest.php" line="28" assertions="1" time="0.000253"/>
        <testcase name="testRoll" class="App\Dice\DiceTest" classname="App.Dice.DiceTest" file="/Users/erik/dbwebb-kurser/mvc/me/report/tests/Dice/DiceTest.php" line="45" assertions="50" time="0.002107"/>
        <testcase name="testGetValue" class="App\Dice\DiceTest" classname="App.Dice.DiceTest" file="/Users/erik/dbwebb-kurser/mvc/me/report/tests/Dice/DiceTest.php" line="60" assertions="1" time="0.000164"/>
      </testsuite>
      <testsuite name="App\Entity\BookTest" file="/Users/erik/dbwebb-kurser/mvc/me/report/tests/Entity/BookTest.php" tests="1" assertions="1" errors="0" warnings="0" failures="0" skipped="0" time="0.000775">
        <testcase name="testGetAttributesAsArray" class="App\Entity\BookTest" classname="App.Entity.BookTest" file="/Users/erik/dbwebb-kurser/mvc/me/report/tests/Entity/BookTest.php" line="15" assertions="1" time="0.000775"/>
      </testsuite>
      <testsuite name="App\FlopAndGo\ChallengeTest" file="/Users/erik/dbwebb-kurser/mvc/me/report/tests/FlopAndGo/ChallengeTest.php" tests="5" assertions="6" errors="0" warnings="0" failures="0" skipped="0" time="0.002072">
        <testcase name="testCreateChallenge" class="App\FlopAndGo\ChallengeTest" classname="App.FlopAndGo.ChallengeTest" file="/Users/erik/dbwebb-kurser/mvc/me/report/tests/FlopAndGo/ChallengeTest.php" line="29" assertions="1" time="0.001006"/>
        <testcase name="testIncrementHandsPlayed" class="App\FlopAndGo\ChallengeTest" classname="App.FlopAndGo.ChallengeTest" file="/Users/erik/dbwebb-kurser/mvc/me/report/tests/FlopAndGo/ChallengeTest.php" line="38" assertions="1" time="0.000172"/>
        <testcase name="testChallengeComplete" class="App\FlopAndGo\ChallengeTest" classname="App.FlopAndGo.ChallengeTest" file="/Users/erik/dbwebb-kurser/mvc/me/report/tests/FlopAndGo/ChallengeTest.php" line="47" assertions="2" time="0.000563"/>
        <testcase name="testDuration" class="App\FlopAndGo\ChallengeTest" classname="App.FlopAndGo.ChallengeTest" file="/Users/erik/dbwebb-kurser/mvc/me/report/tests/FlopAndGo/ChallengeTest.php" line="61" assertions="1" time="0.000169"/>
        <testcase name="testHandWinner" class="App\FlopAndGo\ChallengeTest" classname="App.FlopAndGo.ChallengeTest" file="/Users/erik/dbwebb-kurser/mvc/me/report/tests/FlopAndGo/ChallengeTest.php" line="70" assertions="1" time="0.000162"/>
      </testsuite>
      <testsuite name="App\FlopAndGo\DealerTest" file="/Users/erik/dbwebb-kurser/mvc/me/report/tests/FlopAndGo/DealerTest.php" tests="2" assertions="7" errors="0" warnings="0" failures="0" skipped="0" time="0.002990">
        <testcase name="testCreateDealer" class="App\FlopAndGo\DealerTest" classname="App.FlopAndGo.DealerTest" file="/Users/erik/dbwebb-kurser/mvc/me/report/tests/FlopAndGo/DealerTest.php" line="34" assertions="1" time="0.001164"/>
        <testcase name="testDealingAndShuffling" class="App\FlopAndGo\DealerTest" classname="App.FlopAndGo.DealerTest" file="/Users/erik/dbwebb-kurser/mvc/me/report/tests/FlopAndGo/DealerTest.php" line="42" assertions="6" time="0.001827"/>
      </testsuite>
      <testsuite name="App\FlopAndGo\GameTest" file="/Users/erik/dbwebb-kurser/mvc/me/report/tests/FlopAndGo/GameTest.php" tests="11" assertions="34" errors="0" warnings="0" failures="0" skipped="0" time="0.014030">
        <testcase name="testCreateGame" class="App\FlopAndGo\GameTest" classname="App.FlopAndGo.GameTest" file="/Users/erik/dbwebb-kurser/mvc/me/report/tests/FlopAndGo/GameTest.php" line="63" assertions="1" time="0.008003"/>
        <testcase name="testMaxBet" class="App\FlopAndGo\GameTest" classname="App.FlopAndGo.GameTest" file="/Users/erik/dbwebb-kurser/mvc/me/report/tests/FlopAndGo/GameTest.php" line="72" assertions="3" time="0.000565"/>
        <testcase name="testShowdownCheck" class="App\FlopAndGo\GameTest" classname="App.FlopAndGo.GameTest" file="/Users/erik/dbwebb-kurser/mvc/me/report/tests/FlopAndGo/GameTest.php" line="95" assertions="2" time="0.000484"/>
        <testcase name="testAlHandsPlayedCheck" class="App\FlopAndGo\GameTest" classname="App.FlopAndGo.GameTest" file="/Users/erik/dbwebb-kurser/mvc/me/report/tests/FlopAndGo/GameTest.php" line="109" assertions="2" time="0.000465"/>
        <testcase name="testIsSomeoneBroke" class="App\FlopAndGo\GameTest" classname="App.FlopAndGo.GameTest" file="/Users/erik/dbwebb-kurser/mvc/me/report/tests/FlopAndGo/GameTest.php" line="124" assertions="2" time="0.000481"/>
        <testcase name="testHeroBetSize" class="App\FlopAndGo\GameTest" classname="App.FlopAndGo.GameTest" file="/Users/erik/dbwebb-kurser/mvc/me/report/tests/FlopAndGo/GameTest.php" line="139" assertions="2" time="0.000468"/>
        <testcase name="testGameStateVariables" class="App\FlopAndGo\GameTest" classname="App.FlopAndGo.GameTest" file="/Users/erik/dbwebb-kurser/mvc/me/report/tests/FlopAndGo/GameTest.php" line="158" assertions="11" time="0.001022"/>
        <testcase name="testAllInCheck" class="App\FlopAndGo\GameTest" classname="App.FlopAndGo.GameTest" file="/Users/erik/dbwebb-kurser/mvc/me/report/tests/FlopAndGo/GameTest.php" line="187" assertions="2" time="0.000620"/>
        <testcase name="testDealCorrectStreet" class="App\FlopAndGo\GameTest" classname="App.FlopAndGo.GameTest" file="/Users/erik/dbwebb-kurser/mvc/me/report/tests/FlopAndGo/GameTest.php" line="200" assertions="4" time="0.000530"/>
        <testcase name="testHeroActions" class="App\FlopAndGo\GameTest" classname="App.FlopAndGo.GameTest" file="/Users/erik/dbwebb-kurser/mvc/me/report/tests/FlopAndGo/GameTest.php" line="228" assertions="3" time="0.000555"/>
        <testcase name="testNewHandVariable" class="App\FlopAndGo\GameTest" classname="App.FlopAndGo.GameTest" file="/Users/erik/dbwebb-kurser/mvc/me/report/tests/FlopAndGo/GameTest.php" line="258" assertions="2" time="0.000836"/>
      </testsuite>
      <testsuite name="App\FlopAndGo\HandCheckerTest" file="/Users/erik/dbwebb-kurser/mvc/me/report/tests/FlopAndGo/HandCheckerTest.php" tests="7" assertions="18" errors="0" warnings="0" failures="0" skipped="0" time="0.001119">
        <testcase name="testCreateChallenge" class="App\FlopAndGo\HandCheckerTest" classname="App.FlopAndGo.HandCheckerTest" file="/Users/erik/dbwebb-kurser/mvc/me/report/tests/FlopAndGo/HandCheckerTest.php" line="26" assertions="1" time="0.000153"/>
        <testcase name="testCheckForTrips" class="App\FlopAndGo\HandCheckerTest" classname="App.FlopAndGo.HandCheckerTest" file="/Users/erik/dbwebb-kurser/mvc/me/report/tests/FlopAndGo/HandCheckerTest.php" line="34" assertions="2" time="0.000158"/>
        <testcase name="testCheckWheelStraight" class="App\FlopAndGo\HandCheckerTest" classname="App.FlopAndGo.HandCheckerTest" file="/Users/erik/dbwebb-kurser/mvc/me/report/tests/FlopAndGo/HandCheckerTest.php" line="66" assertions="2" time="0.000162"/>
        <testcase name="testCheckForFull" class="App\FlopAndGo\HandCheckerTest" classname="App.FlopAndGo.HandCheckerTest" file="/Users/erik/dbwebb-kurser/mvc/me/report/tests/FlopAndGo/HandCheckerTest.php" line="88" assertions="2" time="0.000155"/>
        <testcase name="testCheckQuads" class="App\FlopAndGo\HandCheckerTest" classname="App.FlopAndGo.HandCheckerTest" file="/Users/erik/dbwebb-kurser/mvc/me/report/tests/FlopAndGo/HandCheckerTest.php" line="117" assertions="3" time="0.000163"/>
        <testcase name="testCheckForPairs" class="App\FlopAndGo\HandCheckerTest" classname="App.FlopAndGo.HandCheckerTest" file="/Users/erik/dbwebb-kurser/mvc/me/report/tests/FlopAndGo/HandCheckerTest.php" line="157" assertions="5" time="0.000166"/>
        <testcase name="testCheckForFlush" class="App\FlopAndGo\HandCheckerTest" classname="App.FlopAndGo.HandCheckerTest" file="/Users/erik/dbwebb-kurser/mvc/me/report/tests/FlopAndGo/HandCheckerTest.php" line="207" assertions="3" time="0.000160"/>
      </testsuite>
      <testsuite name="App\FlopAndGo\HeroTest" file="/Users/erik/dbwebb-kurser/mvc/me/report/tests/FlopAndGo/HeroTest.php" tests="4" assertions="6" errors="0" warnings="0" failures="0" skipped="0" time="0.000634">
        <testcase name="testCreateDealer" class="App\FlopAndGo\HeroTest" classname="App.FlopAndGo.HeroTest" file="/Users/erik/dbwebb-kurser/mvc/me/report/tests/FlopAndGo/HeroTest.php" line="30" assertions="1" time="0.000161"/>
        <testcase name="testGetName" class="App\FlopAndGo\HeroTest" classname="App.FlopAndGo.HeroTest" file="/Users/erik/dbwebb-kurser/mvc/me/report/tests/FlopAndGo/HeroTest.php" line="38" assertions="1" time="0.000152"/>
        <testcase name="testGetStack" class="App\FlopAndGo\HeroTest" classname="App.FlopAndGo.HeroTest" file="/Users/erik/dbwebb-kurser/mvc/me/report/tests/FlopAndGo/HeroTest.php" line="49" assertions="3" time="0.000161"/>
        <testcase name="testGetStrengthAfterUpdate" class="App\FlopAndGo\HeroTest" classname="App.FlopAndGo.HeroTest" file="/Users/erik/dbwebb-kurser/mvc/me/report/tests/FlopAndGo/HeroTest.php" line="67" assertions="1" time="0.000161"/>
      </testsuite>
      <testsuite name="App\FlopAndGo\PlayerTest" file="/Users/erik/dbwebb-kurser/mvc/me/report/tests/FlopAndGo/PlayerTest.php" tests="9" assertions="14" errors="0" warnings="0" failures="0" skipped="0" time="0.001659">
        <testcase name="testCreateDealer" class="App\FlopAndGo\PlayerTest" classname="App.FlopAndGo.PlayerTest" file="/Users/erik/dbwebb-kurser/mvc/me/report/tests/FlopAndGo/PlayerTest.php" line="33" assertions="1" time="0.000152"/>
        <testcase name="testCheckLastAction" class="App\FlopAndGo\PlayerTest" classname="App.FlopAndGo.PlayerTest" file="/Users/erik/dbwebb-kurser/mvc/me/report/tests/FlopAndGo/PlayerTest.php" line="41" assertions="1" time="0.000156"/>
        <testcase name="testTakePot" class="App\FlopAndGo\PlayerTest" classname="App.FlopAndGo.PlayerTest" file="/Users/erik/dbwebb-kurser/mvc/me/report/tests/FlopAndGo/PlayerTest.php" line="53" assertions="1" time="0.000153"/>
        <testcase name="testPosition" class="App\FlopAndGo\PlayerTest" classname="App.FlopAndGo.PlayerTest" file="/Users/erik/dbwebb-kurser/mvc/me/report/tests/FlopAndGo/PlayerTest.php" line="66" assertions="1" time="0.000153"/>
        <testcase name="testCurrentBet" class="App\FlopAndGo\PlayerTest" classname="App.FlopAndGo.PlayerTest" file="/Users/erik/dbwebb-kurser/mvc/me/report/tests/FlopAndGo/PlayerTest.php" line="78" assertions="4" time="0.000159"/>
        <testcase name="testResetLastAction" class="App\FlopAndGo\PlayerTest" classname="App.FlopAndGo.PlayerTest" file="/Users/erik/dbwebb-kurser/mvc/me/report/tests/FlopAndGo/PlayerTest.php" line="107" assertions="1" time="0.000150"/>
        <testcase name="testAllin" class="App\FlopAndGo\PlayerTest" classname="App.FlopAndGo.PlayerTest" file="/Users/erik/dbwebb-kurser/mvc/me/report/tests/FlopAndGo/PlayerTest.php" line="120" assertions="3" time="0.000166"/>
        <testcase name="testPayAnte" class="App\FlopAndGo\PlayerTest" classname="App.FlopAndGo.PlayerTest" file="/Users/erik/dbwebb-kurser/mvc/me/report/tests/FlopAndGo/PlayerTest.php" line="139" assertions="1" time="0.000151"/>
        <testcase name="testGetImagePaths" class="App\FlopAndGo\PlayerTest" classname="App.FlopAndGo.PlayerTest" file="/Users/erik/dbwebb-kurser/mvc/me/report/tests/FlopAndGo/PlayerTest.php" line="152" assertions="1" time="0.000418"/>
      </testsuite>
      <testsuite name="App\FlopAndGo\SpecialDealerTest" file="/Users/erik/dbwebb-kurser/mvc/me/report/tests/FlopAndGo/SpecialDealerTest.php" tests="7" assertions="15" errors="0" warnings="0" failures="0" skipped="0" time="0.003081">
        <testcase name="testCreateDealer" class="App\FlopAndGo\SpecialDealerTest" classname="App.FlopAndGo.SpecialDealerTest" file="/Users/erik/dbwebb-kurser/mvc/me/report/tests/FlopAndGo/SpecialDealerTest.php" line="54" assertions="1" time="0.000424"/>
        <testcase name="testDealHoleCards" class="App\FlopAndGo\SpecialDealerTest" classname="App.FlopAndGo.SpecialDealerTest" file="/Users/erik/dbwebb-kurser/mvc/me/report/tests/FlopAndGo/SpecialDealerTest.php" line="62" assertions="3" time="0.000451"/>
        <testcase name="testPlayersAllIn" class="App\FlopAndGo\SpecialDealerTest" classname="App.FlopAndGo.SpecialDealerTest" file="/Users/erik/dbwebb-kurser/mvc/me/report/tests/FlopAndGo/SpecialDealerTest.php" line="80" assertions="2" time="0.000429"/>
        <testcase name="testResetForNextHand" class="App\FlopAndGo\SpecialDealerTest" classname="App.FlopAndGo.SpecialDealerTest" file="/Users/erik/dbwebb-kurser/mvc/me/report/tests/FlopAndGo/SpecialDealerTest.php" line="98" assertions="3" time="0.000461"/>
        <testcase name="testDealToShowdown" class="App\FlopAndGo\SpecialDealerTest" classname="App.FlopAndGo.SpecialDealerTest" file="/Users/erik/dbwebb-kurser/mvc/me/report/tests/FlopAndGo/SpecialDealerTest.php" line="123" assertions="2" time="0.000443"/>
        <testcase name="testMoveChips" class="App\FlopAndGo\SpecialDealerTest" classname="App.FlopAndGo.SpecialDealerTest" file="/Users/erik/dbwebb-kurser/mvc/me/report/tests/FlopAndGo/SpecialDealerTest.php" line="137" assertions="2" time="0.000439"/>
        <testcase name="testGetFlop" class="App\FlopAndGo\SpecialDealerTest" classname="App.FlopAndGo.SpecialDealerTest" file="/Users/erik/dbwebb-kurser/mvc/me/report/tests/FlopAndGo/SpecialDealerTest.php" line="159" assertions="2" time="0.000434"/>
      </testsuite>
      <testsuite name="App\FlopAndGo\SpecialTableTest" file="/Users/erik/dbwebb-kurser/mvc/me/report/tests/FlopAndGo/SpecialTableTest.php" tests="9" assertions="20" errors="0" warnings="0" failures="0" skipped="0" time="0.002054">
        <testcase name="testCreateSpecialTable" class="App\FlopAndGo\SpecialTableTest" classname="App.FlopAndGo.SpecialTableTest" file="/Users/erik/dbwebb-kurser/mvc/me/report/tests/FlopAndGo/SpecialTableTest.php" line="38" assertions="1" time="0.000180"/>
        <testcase name="testMoveButton" class="App\FlopAndGo\SpecialTableTest" classname="App.FlopAndGo.SpecialTableTest" file="/Users/erik/dbwebb-kurser/mvc/me/report/tests/FlopAndGo/SpecialTableTest.php" line="46" assertions="4" time="0.000239"/>
        <testcase name="testGetPlayers" class="App\FlopAndGo\SpecialTableTest" classname="App.FlopAndGo.SpecialTableTest" file="/Users/erik/dbwebb-kurser/mvc/me/report/tests/FlopAndGo/SpecialTableTest.php" line="66" assertions="5" time="0.000190"/>
        <testcase name="testGetPriceToPlay" class="App\FlopAndGo\SpecialTableTest" classname="App.FlopAndGo.SpecialTableTest" file="/Users/erik/dbwebb-kurser/mvc/me/report/tests/FlopAndGo/SpecialTableTest.php" line="88" assertions="3" time="0.000196"/>
        <testcase name="testMinRaiseTracker" class="App\FlopAndGo\SpecialTableTest" classname="App.FlopAndGo.SpecialTableTest" file="/Users/erik/dbwebb-kurser/mvc/me/report/tests/FlopAndGo/SpecialTableTest.php" line="108" assertions="2" time="0.000182"/>
        <testcase name="testBoardFunctionality" class="App\FlopAndGo\SpecialTableTest" classname="App.FlopAndGo.SpecialTableTest" file="/Users/erik/dbwebb-kurser/mvc/me/report/tests/FlopAndGo/SpecialTableTest.php" line="123" assertions="2" time="0.000443"/>
        <testcase name="testBombPotCollection" class="App\FlopAndGo\SpecialTableTest" classname="App.FlopAndGo.SpecialTableTest" file="/Users/erik/dbwebb-kurser/mvc/me/report/tests/FlopAndGo/SpecialTableTest.php" line="144" assertions="1" time="0.000182"/>
        <testcase name="testSetStreet" class="App\FlopAndGo\SpecialTableTest" classname="App.FlopAndGo.SpecialTableTest" file="/Users/erik/dbwebb-kurser/mvc/me/report/tests/FlopAndGo/SpecialTableTest.php" line="156" assertions="1" time="0.000190"/>
        <testcase name="testSeatPlayers" class="App\FlopAndGo\SpecialTableTest" classname="App.FlopAndGo.SpecialTableTest" file="/Users/erik/dbwebb-kurser/mvc/me/report/tests/FlopAndGo/SpecialTableTest.php" line="170" assertions="1" time="0.000252"/>
      </testsuite>
      <testsuite name="App\FlopAndGo\StrategyTraitTest" file="/Users/erik/dbwebb-kurser/mvc/me/report/tests/FlopAndGo/StrategyTraitTest.php" tests="5" assertions="5" errors="0" warnings="0" failures="0" skipped="0" time="0.001355">
        <testcase name="testRandbetSize" class="App\FlopAndGo\StrategyTraitTest" classname="App.FlopAndGo.StrategyTraitTest" file="/Users/erik/dbwebb-kurser/mvc/me/report/tests/FlopAndGo/StrategyTraitTest.php" line="29" assertions="1" time="0.000690"/>
        <testcase name="testRandActionFacingBet" class="App\FlopAndGo\StrategyTraitTest" classname="App.FlopAndGo.StrategyTraitTest" file="/Users/erik/dbwebb-kurser/mvc/me/report/tests/FlopAndGo/StrategyTraitTest.php" line="48" assertions="1" time="0.000171"/>
        <testcase name="testBetVsCheck" class="App\FlopAndGo\StrategyTraitTest" classname="App.FlopAndGo.StrategyTraitTest" file="/Users/erik/dbwebb-kurser/mvc/me/report/tests/FlopAndGo/StrategyTraitTest.php" line="65" assertions="1" time="0.000167"/>
        <testcase name="testActionFacingCheck" class="App\FlopAndGo\StrategyTraitTest" classname="App.FlopAndGo.StrategyTraitTest" file="/Users/erik/dbwebb-kurser/mvc/me/report/tests/FlopAndGo/StrategyTraitTest.php" line="78" assertions="1" time="0.000168"/>
        <testcase name="testBetOpportunity" class="App\FlopAndGo\StrategyTraitTest" classname="App.FlopAndGo.StrategyTraitTest" file="/Users/erik/dbwebb-kurser/mvc/me/report/tests/FlopAndGo/StrategyTraitTest.php" line="94" assertions="1" time="0.000159"/>
      </testsuite>
      <testsuite name="App\FlopAndGo\VillainActionManager" file="/Users/erik/dbwebb-kurser/mvc/me/report/tests/FlopAndGo/VillainActionManagerTest.php" tests="6" assertions="9" errors="0" warnings="0" failures="0" skipped="0" time="0.003152">
        <testcase name="testVillainWaitsHisTurnIP" class="App\FlopAndGo\VillainActionManager" classname="App.FlopAndGo.VillainActionManager" file="/Users/erik/dbwebb-kurser/mvc/me/report/tests/FlopAndGo/VillainActionManagerTest.php" line="60" assertions="2" time="0.000514"/>
        <testcase name="testVillainMakesMoveOnHisTurnIP" class="App\FlopAndGo\VillainActionManager" classname="App.FlopAndGo.VillainActionManager" file="/Users/erik/dbwebb-kurser/mvc/me/report/tests/FlopAndGo/VillainActionManagerTest.php" line="83" assertions="1" time="0.000489"/>
        <testcase name="testVillainMakesMoveOnHisTurnOOP" class="App\FlopAndGo\VillainActionManager" classname="App.FlopAndGo.VillainActionManager" file="/Users/erik/dbwebb-kurser/mvc/me/report/tests/FlopAndGo/VillainActionManagerTest.php" line="101" assertions="1" time="0.000489"/>
        <testcase name="testVillainFoldOk" class="App\FlopAndGo\VillainActionManager" classname="App.FlopAndGo.VillainActionManager" file="/Users/erik/dbwebb-kurser/mvc/me/report/tests/FlopAndGo/VillainActionManagerTest.php" line="119" assertions="2" time="0.000491"/>
        <testcase name="testVillaiRaiseVsBetOk" class="App\FlopAndGo\VillainActionManager" classname="App.FlopAndGo.VillainActionManager" file="/Users/erik/dbwebb-kurser/mvc/me/report/tests/FlopAndGo/VillainActionManagerTest.php" line="138" assertions="1" time="0.000630"/>
        <testcase name="testVillainCalledVsBetOk" class="App\FlopAndGo\VillainActionManager" classname="App.FlopAndGo.VillainActionManager" file="/Users/erik/dbwebb-kurser/mvc/me/report/tests/FlopAndGo/VillainActionManagerTest.php" line="154" assertions="2" time="0.000540"/>
      </testsuite>
      <testsuite name="App\FlopAndGo\VillainTest" file="/Users/erik/dbwebb-kurser/mvc/me/report/tests/FlopAndGo/VillainTest.php" tests="5" assertions="6" errors="0" warnings="0" failures="0" skipped="0" time="0.000841">
        <testcase name="testCreateDealer" class="App\FlopAndGo\VillainTest" classname="App.FlopAndGo.VillainTest" file="/Users/erik/dbwebb-kurser/mvc/me/report/tests/FlopAndGo/VillainTest.php" line="30" assertions="1" time="0.000158"/>
        <testcase name="testGetName" class="App\FlopAndGo\VillainTest" classname="App.FlopAndGo.VillainTest" file="/Users/erik/dbwebb-kurser/mvc/me/report/tests/FlopAndGo/VillainTest.php" line="38" assertions="1" time="0.000160"/>
        <testcase name="testRaiseNoCurrentBet" class="App\FlopAndGo\VillainTest" classname="App.FlopAndGo.VillainTest" file="/Users/erik/dbwebb-kurser/mvc/me/report/tests/FlopAndGo/VillainTest.php" line="49" assertions="1" time="0.000153"/>
        <testcase name="testRaiseWithCurrentBet" class="App\FlopAndGo\VillainTest" classname="App.FlopAndGo.VillainTest" file="/Users/erik/dbwebb-kurser/mvc/me/report/tests/FlopAndGo/VillainTest.php" line="61" assertions="1" time="0.000155"/>
        <testcase name="testRaiseWithNotEnoughChips" class="App\FlopAndGo\VillainTest" classname="App.FlopAndGo.VillainTest" file="/Users/erik/dbwebb-kurser/mvc/me/report/tests/FlopAndGo/VillainTest.php" line="74" assertions="2" time="0.000215"/>
      </testsuite>
      <testsuite name="App\Repository\BookRepositoryTest" file="/Users/erik/dbwebb-kurser/mvc/me/report/tests/Repository/BookRepositoryTest.php" tests="1" assertions="6" errors="0" warnings="0" failures="0" skipped="0" time="0.016172">
        <testcase name="testProcessBookFromRequest" class="App\Repository\BookRepositoryTest" classname="App.Repository.BookRepositoryTest" file="/Users/erik/dbwebb-kurser/mvc/me/report/tests/Repository/BookRepositoryTest.php" line="18" assertions="6" time="0.016172"/>
      </testsuite>
    </testsuite>
  </testsuite>
</testsuites>
