<?xml version="1.0" encoding="UTF-8"?>
<testsuites>
  <testsuite name="" tests="109" assertions="278" errors="0" warnings="1" failures="0" skipped="0" time="0.086399">
    <testsuite name="Project Test Suite" tests="109" assertions="278" errors="0" warnings="1" failures="0" skipped="0" time="0.086399">
      <testsuite name="App\Card\CardHandTest" file="/Users/erik/dbwebb-kurser/mvc/me/report/tests/Cards/CardHandTest.php" tests="4" assertions="7" errors="0" warnings="0" failures="0" skipped="0" time="0.015960">
        <testcase name="testGetNumberCards" class="App\Card\CardHandTest" classname="App.Card.CardHandTest" file="/Users/erik/dbwebb-kurser/mvc/me/report/tests/Cards/CardHandTest.php" line="29" assertions="2" time="0.005163"/>
        <testcase name="testGetValues" class="App\Card\CardHandTest" classname="App.Card.CardHandTest" file="/Users/erik/dbwebb-kurser/mvc/me/report/tests/Cards/CardHandTest.php" line="50" assertions="1" time="0.009846"/>
        <testcase name="testGetImgNames" class="App\Card\CardHandTest" classname="App.Card.CardHandTest" file="/Users/erik/dbwebb-kurser/mvc/me/report/tests/Cards/CardHandTest.php" line="74" assertions="1" time="0.000339"/>
        <testcase name="testGetHand" class="App\Card\CardHandTest" classname="App.Card.CardHandTest" file="/Users/erik/dbwebb-kurser/mvc/me/report/tests/Cards/CardHandTest.php" line="98" assertions="3" time="0.000611"/>
      </testsuite>
      <testsuite name="App\Dice\DiceHandTest" file="/Users/erik/dbwebb-kurser/mvc/me/report/tests/Dice/DiceHandTest.php" tests="3" assertions="5" errors="0" warnings="0" failures="0" skipped="0" time="0.001990">
        <testcase name="testAddStubbedDices" class="App\Dice\DiceHandTest" classname="App.Dice.DiceHandTest" file="/Users/erik/dbwebb-kurser/mvc/me/report/tests/Dice/DiceHandTest.php" line="15" assertions="1" time="0.001470"/>
        <testcase name="testGetNumberDices" class="App\Dice\DiceHandTest" classname="App.Dice.DiceHandTest" file="/Users/erik/dbwebb-kurser/mvc/me/report/tests/Dice/DiceHandTest.php" line="37" assertions="3" time="0.000200"/>
        <testcase name="testGetString" class="App\Dice\DiceHandTest" classname="App.Dice.DiceHandTest" file="/Users/erik/dbwebb-kurser/mvc/me/report/tests/Dice/DiceHandTest.php" line="61" assertions="1" time="0.000320"/>
      </testsuite>
      <testsuite name="App\Dice\DiceTest" file="/Users/erik/dbwebb-kurser/mvc/me/report/tests/Dice/DiceTest.php" tests="4" assertions="54" errors="0" warnings="0" failures="0" skipped="0" time="0.003922">
        <testcase name="testCreateDice" class="App\Dice\DiceTest" classname="App.Dice.DiceTest" file="/Users/erik/dbwebb-kurser/mvc/me/report/tests/Dice/DiceTest.php" line="16" assertions="2" time="0.001399"/>
        <testcase name="testStubRollDiceLastRoll" class="App\Dice\DiceTest" classname="App.Dice.DiceTest" file="/Users/erik/dbwebb-kurser/mvc/me/report/tests/Dice/DiceTest.php" line="28" assertions="1" time="0.000253"/>
        <testcase name="testRoll" class="App\Dice\DiceTest" classname="App.Dice.DiceTest" file="/Users/erik/dbwebb-kurser/mvc/me/report/tests/Dice/DiceTest.php" line="45" assertions="50" time="0.002105"/>
        <testcase name="testGetValue" class="App\Dice\DiceTest" classname="App.Dice.DiceTest" file="/Users/erik/dbwebb-kurser/mvc/me/report/tests/Dice/DiceTest.php" line="60" assertions="1" time="0.000165"/>
      </testsuite>
      <testsuite name="App\Entity\BookTest" file="/Users/erik/dbwebb-kurser/mvc/me/report/tests/Entity/BookTest.php" tests="1" assertions="1" errors="0" warnings="0" failures="0" skipped="0" time="0.000839">
        <testcase name="testGetAttributesAsArray" class="App\Entity\BookTest" classname="App.Entity.BookTest" file="/Users/erik/dbwebb-kurser/mvc/me/report/tests/Entity/BookTest.php" line="15" assertions="1" time="0.000839"/>
      </testsuite>
      <testsuite name="App\FlopAndGo\ChallengeTest" file="/Users/erik/dbwebb-kurser/mvc/me/report/tests/FlopAndGo/ChallengeTest.php" tests="5" assertions="6" errors="0" warnings="0" failures="0" skipped="0" time="0.002076">
        <testcase name="testCreateChallenge" class="App\FlopAndGo\ChallengeTest" classname="App.FlopAndGo.ChallengeTest" file="/Users/erik/dbwebb-kurser/mvc/me/report/tests/FlopAndGo/ChallengeTest.php" line="29" assertions="1" time="0.000972"/>
        <testcase name="testIncrementHandsPlayed" class="App\FlopAndGo\ChallengeTest" classname="App.FlopAndGo.ChallengeTest" file="/Users/erik/dbwebb-kurser/mvc/me/report/tests/FlopAndGo/ChallengeTest.php" line="38" assertions="1" time="0.000175"/>
        <testcase name="testChallengeComplete" class="App\FlopAndGo\ChallengeTest" classname="App.FlopAndGo.ChallengeTest" file="/Users/erik/dbwebb-kurser/mvc/me/report/tests/FlopAndGo/ChallengeTest.php" line="47" assertions="2" time="0.000587"/>
        <testcase name="testDuration" class="App\FlopAndGo\ChallengeTest" classname="App.FlopAndGo.ChallengeTest" file="/Users/erik/dbwebb-kurser/mvc/me/report/tests/FlopAndGo/ChallengeTest.php" line="61" assertions="1" time="0.000177"/>
        <testcase name="testHandWinner" class="App\FlopAndGo\ChallengeTest" classname="App.FlopAndGo.ChallengeTest" file="/Users/erik/dbwebb-kurser/mvc/me/report/tests/FlopAndGo/ChallengeTest.php" line="70" assertions="1" time="0.000166"/>
      </testsuite>
      <testsuite name="App\FlopAndGo\DealerTest" file="/Users/erik/dbwebb-kurser/mvc/me/report/tests/FlopAndGo/DealerTest.php" tests="2" assertions="7" errors="0" warnings="0" failures="0" skipped="0" time="0.003006">
        <testcase name="testCreateDealer" class="App\FlopAndGo\DealerTest" classname="App.FlopAndGo.DealerTest" file="/Users/erik/dbwebb-kurser/mvc/me/report/tests/FlopAndGo/DealerTest.php" line="34" assertions="1" time="0.001133"/>
        <testcase name="testDealingAndShuffling" class="App\FlopAndGo\DealerTest" classname="App.FlopAndGo.DealerTest" file="/Users/erik/dbwebb-kurser/mvc/me/report/tests/FlopAndGo/DealerTest.php" line="42" assertions="6" time="0.001873"/>
      </testsuite>
      <testsuite name="App\FlopAndGo\GameTest" file="/Users/erik/dbwebb-kurser/mvc/me/report/tests/FlopAndGo/GameTest.php" tests="11" assertions="34" errors="0" warnings="0" failures="0" skipped="0" time="0.013074">
        <testcase name="testCreateGame" class="App\FlopAndGo\GameTest" classname="App.FlopAndGo.GameTest" file="/Users/erik/dbwebb-kurser/mvc/me/report/tests/FlopAndGo/GameTest.php" line="63" assertions="1" time="0.007006"/>
        <testcase name="testMaxBet" class="App\FlopAndGo\GameTest" classname="App.FlopAndGo.GameTest" file="/Users/erik/dbwebb-kurser/mvc/me/report/tests/FlopAndGo/GameTest.php" line="72" assertions="3" time="0.000585"/>
        <testcase name="testShowdownCheck" class="App\FlopAndGo\GameTest" classname="App.FlopAndGo.GameTest" file="/Users/erik/dbwebb-kurser/mvc/me/report/tests/FlopAndGo/GameTest.php" line="95" assertions="2" time="0.000474"/>
        <testcase name="testAlHandsPlayedCheck" class="App\FlopAndGo\GameTest" classname="App.FlopAndGo.GameTest" file="/Users/erik/dbwebb-kurser/mvc/me/report/tests/FlopAndGo/GameTest.php" line="109" assertions="2" time="0.000469"/>
        <testcase name="testIsSomeoneBroke" class="App\FlopAndGo\GameTest" classname="App.FlopAndGo.GameTest" file="/Users/erik/dbwebb-kurser/mvc/me/report/tests/FlopAndGo/GameTest.php" line="124" assertions="2" time="0.000480"/>
        <testcase name="testHeroBetSize" class="App\FlopAndGo\GameTest" classname="App.FlopAndGo.GameTest" file="/Users/erik/dbwebb-kurser/mvc/me/report/tests/FlopAndGo/GameTest.php" line="139" assertions="2" time="0.000461"/>
        <testcase name="testGameStateVariables" class="App\FlopAndGo\GameTest" classname="App.FlopAndGo.GameTest" file="/Users/erik/dbwebb-kurser/mvc/me/report/tests/FlopAndGo/GameTest.php" line="158" assertions="11" time="0.001040"/>
        <testcase name="testAllInCheck" class="App\FlopAndGo\GameTest" classname="App.FlopAndGo.GameTest" file="/Users/erik/dbwebb-kurser/mvc/me/report/tests/FlopAndGo/GameTest.php" line="187" assertions="2" time="0.000625"/>
        <testcase name="testDealCorrectStreet" class="App\FlopAndGo\GameTest" classname="App.FlopAndGo.GameTest" file="/Users/erik/dbwebb-kurser/mvc/me/report/tests/FlopAndGo/GameTest.php" line="200" assertions="4" time="0.000533"/>
        <testcase name="testHeroActions" class="App\FlopAndGo\GameTest" classname="App.FlopAndGo.GameTest" file="/Users/erik/dbwebb-kurser/mvc/me/report/tests/FlopAndGo/GameTest.php" line="228" assertions="3" time="0.000563"/>
        <testcase name="testNewHandVariable" class="App\FlopAndGo\GameTest" classname="App.FlopAndGo.GameTest" file="/Users/erik/dbwebb-kurser/mvc/me/report/tests/FlopAndGo/GameTest.php" line="258" assertions="2" time="0.000839"/>
      </testsuite>
      <testsuite name="App\FlopAndGo\HandCheckerTest" file="/Users/erik/dbwebb-kurser/mvc/me/report/tests/FlopAndGo/HandCheckerTest.php" tests="7" assertions="18" errors="0" warnings="0" failures="0" skipped="0" time="0.001147">
        <testcase name="testCreateChallenge" class="App\FlopAndGo\HandCheckerTest" classname="App.FlopAndGo.HandCheckerTest" file="/Users/erik/dbwebb-kurser/mvc/me/report/tests/FlopAndGo/HandCheckerTest.php" line="26" assertions="1" time="0.000157"/>
        <testcase name="testCheckForTrips" class="App\FlopAndGo\HandCheckerTest" classname="App.FlopAndGo.HandCheckerTest" file="/Users/erik/dbwebb-kurser/mvc/me/report/tests/FlopAndGo/HandCheckerTest.php" line="34" assertions="2" time="0.000161"/>
        <testcase name="testCheckWheelStraight" class="App\FlopAndGo\HandCheckerTest" classname="App.FlopAndGo.HandCheckerTest" file="/Users/erik/dbwebb-kurser/mvc/me/report/tests/FlopAndGo/HandCheckerTest.php" line="66" assertions="2" time="0.000171"/>
        <testcase name="testCheckForFull" class="App\FlopAndGo\HandCheckerTest" classname="App.FlopAndGo.HandCheckerTest" file="/Users/erik/dbwebb-kurser/mvc/me/report/tests/FlopAndGo/HandCheckerTest.php" line="88" assertions="2" time="0.000162"/>
        <testcase name="testCheckQuads" class="App\FlopAndGo\HandCheckerTest" classname="App.FlopAndGo.HandCheckerTest" file="/Users/erik/dbwebb-kurser/mvc/me/report/tests/FlopAndGo/HandCheckerTest.php" line="117" assertions="3" time="0.000166"/>
        <testcase name="testCheckForPairs" class="App\FlopAndGo\HandCheckerTest" classname="App.FlopAndGo.HandCheckerTest" file="/Users/erik/dbwebb-kurser/mvc/me/report/tests/FlopAndGo/HandCheckerTest.php" line="157" assertions="5" time="0.000169"/>
        <testcase name="testCheckForFlush" class="App\FlopAndGo\HandCheckerTest" classname="App.FlopAndGo.HandCheckerTest" file="/Users/erik/dbwebb-kurser/mvc/me/report/tests/FlopAndGo/HandCheckerTest.php" line="207" assertions="3" time="0.000161"/>
      </testsuite>
      <testsuite name="App\FlopAndGo\HeroTest" file="/Users/erik/dbwebb-kurser/mvc/me/report/tests/FlopAndGo/HeroTest.php" tests="4" assertions="6" errors="0" warnings="0" failures="0" skipped="0" time="0.000634">
        <testcase name="testCreateDealer" class="App\FlopAndGo\HeroTest" classname="App.FlopAndGo.HeroTest" file="/Users/erik/dbwebb-kurser/mvc/me/report/tests/FlopAndGo/HeroTest.php" line="30" assertions="1" time="0.000154"/>
        <testcase name="testGetName" class="App\FlopAndGo\HeroTest" classname="App.FlopAndGo.HeroTest" file="/Users/erik/dbwebb-kurser/mvc/me/report/tests/FlopAndGo/HeroTest.php" line="38" assertions="1" time="0.000153"/>
        <testcase name="testGetStack" class="App\FlopAndGo\HeroTest" classname="App.FlopAndGo.HeroTest" file="/Users/erik/dbwebb-kurser/mvc/me/report/tests/FlopAndGo/HeroTest.php" line="49" assertions="3" time="0.000166"/>
        <testcase name="testGetStrengthAfterUpdate" class="App\FlopAndGo\HeroTest" classname="App.FlopAndGo.HeroTest" file="/Users/erik/dbwebb-kurser/mvc/me/report/tests/FlopAndGo/HeroTest.php" line="67" assertions="1" time="0.000161"/>
      </testsuite>
      <testsuite name="App\FlopAndGo\PlayerTest" file="/Users/erik/dbwebb-kurser/mvc/me/report/tests/FlopAndGo/PlayerTest.php" tests="9" assertions="14" errors="0" warnings="0" failures="0" skipped="0" time="0.001673">
        <testcase name="testCreateDealer" class="App\FlopAndGo\PlayerTest" classname="App.FlopAndGo.PlayerTest" file="/Users/erik/dbwebb-kurser/mvc/me/report/tests/FlopAndGo/PlayerTest.php" line="33" assertions="1" time="0.000152"/>
        <testcase name="testCheckLastAction" class="App\FlopAndGo\PlayerTest" classname="App.FlopAndGo.PlayerTest" file="/Users/erik/dbwebb-kurser/mvc/me/report/tests/FlopAndGo/PlayerTest.php" line="41" assertions="1" time="0.000155"/>
        <testcase name="testTakePot" class="App\FlopAndGo\PlayerTest" classname="App.FlopAndGo.PlayerTest" file="/Users/erik/dbwebb-kurser/mvc/me/report/tests/FlopAndGo/PlayerTest.php" line="53" assertions="1" time="0.000154"/>
        <testcase name="testPosition" class="App\FlopAndGo\PlayerTest" classname="App.FlopAndGo.PlayerTest" file="/Users/erik/dbwebb-kurser/mvc/me/report/tests/FlopAndGo/PlayerTest.php" line="66" assertions="1" time="0.000146"/>
        <testcase name="testCurrentBet" class="App\FlopAndGo\PlayerTest" classname="App.FlopAndGo.PlayerTest" file="/Users/erik/dbwebb-kurser/mvc/me/report/tests/FlopAndGo/PlayerTest.php" line="78" assertions="4" time="0.000164"/>
        <testcase name="testResetLastAction" class="App\FlopAndGo\PlayerTest" classname="App.FlopAndGo.PlayerTest" file="/Users/erik/dbwebb-kurser/mvc/me/report/tests/FlopAndGo/PlayerTest.php" line="107" assertions="1" time="0.000152"/>
        <testcase name="testAllin" class="App\FlopAndGo\PlayerTest" classname="App.FlopAndGo.PlayerTest" file="/Users/erik/dbwebb-kurser/mvc/me/report/tests/FlopAndGo/PlayerTest.php" line="120" assertions="3" time="0.000174"/>
        <testcase name="testPayAnte" class="App\FlopAndGo\PlayerTest" classname="App.FlopAndGo.PlayerTest" file="/Users/erik/dbwebb-kurser/mvc/me/report/tests/FlopAndGo/PlayerTest.php" line="139" assertions="1" time="0.000156"/>
        <testcase name="testGetImagePaths" class="App\FlopAndGo\PlayerTest" classname="App.FlopAndGo.PlayerTest" file="/Users/erik/dbwebb-kurser/mvc/me/report/tests/FlopAndGo/PlayerTest.php" line="152" assertions="1" time="0.000419"/>
      </testsuite>
      <testsuite name="App\FlopAndGo\SpecialDealerTest" file="/Users/erik/dbwebb-kurser/mvc/me/report/tests/FlopAndGo/SpecialDealerTest.php" tests="7" assertions="15" errors="0" warnings="0" failures="0" skipped="0" time="0.003139">
        <testcase name="testCreateDealer" class="App\FlopAndGo\SpecialDealerTest" classname="App.FlopAndGo.SpecialDealerTest" file="/Users/erik/dbwebb-kurser/mvc/me/report/tests/FlopAndGo/SpecialDealerTest.php" line="54" assertions="1" time="0.000430"/>
        <testcase name="testDealHoleCards" class="App\FlopAndGo\SpecialDealerTest" classname="App.FlopAndGo.SpecialDealerTest" file="/Users/erik/dbwebb-kurser/mvc/me/report/tests/FlopAndGo/SpecialDealerTest.php" line="62" assertions="3" time="0.000450"/>
        <testcase name="testPlayersAllIn" class="App\FlopAndGo\SpecialDealerTest" classname="App.FlopAndGo.SpecialDealerTest" file="/Users/erik/dbwebb-kurser/mvc/me/report/tests/FlopAndGo/SpecialDealerTest.php" line="80" assertions="2" time="0.000428"/>
        <testcase name="testResetForNextHand" class="App\FlopAndGo\SpecialDealerTest" classname="App.FlopAndGo.SpecialDealerTest" file="/Users/erik/dbwebb-kurser/mvc/me/report/tests/FlopAndGo/SpecialDealerTest.php" line="98" assertions="3" time="0.000482"/>
        <testcase name="testDealToShowdown" class="App\FlopAndGo\SpecialDealerTest" classname="App.FlopAndGo.SpecialDealerTest" file="/Users/erik/dbwebb-kurser/mvc/me/report/tests/FlopAndGo/SpecialDealerTest.php" line="123" assertions="2" time="0.000449"/>
        <testcase name="testMoveChips" class="App\FlopAndGo\SpecialDealerTest" classname="App.FlopAndGo.SpecialDealerTest" file="/Users/erik/dbwebb-kurser/mvc/me/report/tests/FlopAndGo/SpecialDealerTest.php" line="137" assertions="2" time="0.000452"/>
        <testcase name="testGetFlop" class="App\FlopAndGo\SpecialDealerTest" classname="App.FlopAndGo.SpecialDealerTest" file="/Users/erik/dbwebb-kurser/mvc/me/report/tests/FlopAndGo/SpecialDealerTest.php" line="159" assertions="2" time="0.000447"/>
      </testsuite>
      <testsuite name="App\FlopAndGo\SpecialTableTest" file="/Users/erik/dbwebb-kurser/mvc/me/report/tests/FlopAndGo/SpecialTableTest.php" tests="9" assertions="20" errors="0" warnings="0" failures="0" skipped="0" time="0.002065">
        <testcase name="testCreateSpecialTable" class="App\FlopAndGo\SpecialTableTest" classname="App.FlopAndGo.SpecialTableTest" file="/Users/erik/dbwebb-kurser/mvc/me/report/tests/FlopAndGo/SpecialTableTest.php" line="38" assertions="1" time="0.000173"/>
        <testcase name="testMoveButton" class="App\FlopAndGo\SpecialTableTest" classname="App.FlopAndGo.SpecialTableTest" file="/Users/erik/dbwebb-kurser/mvc/me/report/tests/FlopAndGo/SpecialTableTest.php" line="46" assertions="4" time="0.000244"/>
        <testcase name="testGetPlayers" class="App\FlopAndGo\SpecialTableTest" classname="App.FlopAndGo.SpecialTableTest" file="/Users/erik/dbwebb-kurser/mvc/me/report/tests/FlopAndGo/SpecialTableTest.php" line="66" assertions="5" time="0.000199"/>
        <testcase name="testGetPriceToPlay" class="App\FlopAndGo\SpecialTableTest" classname="App.FlopAndGo.SpecialTableTest" file="/Users/erik/dbwebb-kurser/mvc/me/report/tests/FlopAndGo/SpecialTableTest.php" line="88" assertions="3" time="0.000196"/>
        <testcase name="testMinRaiseTracker" class="App\FlopAndGo\SpecialTableTest" classname="App.FlopAndGo.SpecialTableTest" file="/Users/erik/dbwebb-kurser/mvc/me/report/tests/FlopAndGo/SpecialTableTest.php" line="108" assertions="2" time="0.000189"/>
        <testcase name="testBoardFunctionality" class="App\FlopAndGo\SpecialTableTest" classname="App.FlopAndGo.SpecialTableTest" file="/Users/erik/dbwebb-kurser/mvc/me/report/tests/FlopAndGo/SpecialTableTest.php" line="123" assertions="2" time="0.000452"/>
        <testcase name="testBombPotCollection" class="App\FlopAndGo\SpecialTableTest" classname="App.FlopAndGo.SpecialTableTest" file="/Users/erik/dbwebb-kurser/mvc/me/report/tests/FlopAndGo/SpecialTableTest.php" line="144" assertions="1" time="0.000183"/>
        <testcase name="testSetStreet" class="App\FlopAndGo\SpecialTableTest" classname="App.FlopAndGo.SpecialTableTest" file="/Users/erik/dbwebb-kurser/mvc/me/report/tests/FlopAndGo/SpecialTableTest.php" line="156" assertions="1" time="0.000187"/>
        <testcase name="testSeatPlayers" class="App\FlopAndGo\SpecialTableTest" classname="App.FlopAndGo.SpecialTableTest" file="/Users/erik/dbwebb-kurser/mvc/me/report/tests/FlopAndGo/SpecialTableTest.php" line="170" assertions="1" time="0.000244"/>
      </testsuite>
      <testsuite name="App\FlopAndGo\StrategyTraitTest" file="/Users/erik/dbwebb-kurser/mvc/me/report/tests/FlopAndGo/StrategyTraitTest.php" tests="5" assertions="5" errors="0" warnings="0" failures="0" skipped="0" time="0.001372">
        <testcase name="testRandbetSize" class="App\FlopAndGo\StrategyTraitTest" classname="App.FlopAndGo.StrategyTraitTest" file="/Users/erik/dbwebb-kurser/mvc/me/report/tests/FlopAndGo/StrategyTraitTest.php" line="29" assertions="1" time="0.000692"/>
        <testcase name="testRandActionFacingBet" class="App\FlopAndGo\StrategyTraitTest" classname="App.FlopAndGo.StrategyTraitTest" file="/Users/erik/dbwebb-kurser/mvc/me/report/tests/FlopAndGo/StrategyTraitTest.php" line="48" assertions="1" time="0.000180"/>
        <testcase name="testBetVsCheck" class="App\FlopAndGo\StrategyTraitTest" classname="App.FlopAndGo.StrategyTraitTest" file="/Users/erik/dbwebb-kurser/mvc/me/report/tests/FlopAndGo/StrategyTraitTest.php" line="65" assertions="1" time="0.000168"/>
        <testcase name="testActionFacingCheck" class="App\FlopAndGo\StrategyTraitTest" classname="App.FlopAndGo.StrategyTraitTest" file="/Users/erik/dbwebb-kurser/mvc/me/report/tests/FlopAndGo/StrategyTraitTest.php" line="78" assertions="1" time="0.000168"/>
        <testcase name="testBetOpportunity" class="App\FlopAndGo\StrategyTraitTest" classname="App.FlopAndGo.StrategyTraitTest" file="/Users/erik/dbwebb-kurser/mvc/me/report/tests/FlopAndGo/StrategyTraitTest.php" line="94" assertions="1" time="0.000164"/>
      </testsuite>
      <testsuite name="App\FlopAndGo\VillainActionManager" file="/Users/erik/dbwebb-kurser/mvc/me/report/tests/FlopAndGo/VillainActionManagerTest.php" tests="6" assertions="9" errors="0" warnings="0" failures="0" skipped="0" time="0.003134">
        <testcase name="testVillainWaitsHisTurnIP" class="App\FlopAndGo\VillainActionManager" classname="App.FlopAndGo.VillainActionManager" file="/Users/erik/dbwebb-kurser/mvc/me/report/tests/FlopAndGo/VillainActionManagerTest.php" line="60" assertions="2" time="0.000511"/>
        <testcase name="testVillainMakesMoveOnHisTurnIP" class="App\FlopAndGo\VillainActionManager" classname="App.FlopAndGo.VillainActionManager" file="/Users/erik/dbwebb-kurser/mvc/me/report/tests/FlopAndGo/VillainActionManagerTest.php" line="83" assertions="1" time="0.000492"/>
        <testcase name="testVillainMakesMoveOnHisTurnOOP" class="App\FlopAndGo\VillainActionManager" classname="App.FlopAndGo.VillainActionManager" file="/Users/erik/dbwebb-kurser/mvc/me/report/tests/FlopAndGo/VillainActionManagerTest.php" line="101" assertions="1" time="0.000473"/>
        <testcase name="testVillainFoldOk" class="App\FlopAndGo\VillainActionManager" classname="App.FlopAndGo.VillainActionManager" file="/Users/erik/dbwebb-kurser/mvc/me/report/tests/FlopAndGo/VillainActionManagerTest.php" line="119" assertions="2" time="0.000493"/>
        <testcase name="testVillaiRaiseVsBetOk" class="App\FlopAndGo\VillainActionManager" classname="App.FlopAndGo.VillainActionManager" file="/Users/erik/dbwebb-kurser/mvc/me/report/tests/FlopAndGo/VillainActionManagerTest.php" line="138" assertions="1" time="0.000627"/>
        <testcase name="testVillainCalledVsBetOk" class="App\FlopAndGo\VillainActionManager" classname="App.FlopAndGo.VillainActionManager" file="/Users/erik/dbwebb-kurser/mvc/me/report/tests/FlopAndGo/VillainActionManagerTest.php" line="154" assertions="2" time="0.000538"/>
      </testsuite>
      <testsuite name="App\FlopAndGo\VillainTest" file="/Users/erik/dbwebb-kurser/mvc/me/report/tests/FlopAndGo/VillainTest.php" tests="5" assertions="6" errors="0" warnings="0" failures="0" skipped="0" time="0.000838">
        <testcase name="testCreateDealer" class="App\FlopAndGo\VillainTest" classname="App.FlopAndGo.VillainTest" file="/Users/erik/dbwebb-kurser/mvc/me/report/tests/FlopAndGo/VillainTest.php" line="30" assertions="1" time="0.000166"/>
        <testcase name="testGetName" class="App\FlopAndGo\VillainTest" classname="App.FlopAndGo.VillainTest" file="/Users/erik/dbwebb-kurser/mvc/me/report/tests/FlopAndGo/VillainTest.php" line="38" assertions="1" time="0.000158"/>
        <testcase name="testRaiseNoCurrentBet" class="App\FlopAndGo\VillainTest" classname="App.FlopAndGo.VillainTest" file="/Users/erik/dbwebb-kurser/mvc/me/report/tests/FlopAndGo/VillainTest.php" line="49" assertions="1" time="0.000156"/>
        <testcase name="testRaiseWithCurrentBet" class="App\FlopAndGo\VillainTest" classname="App.FlopAndGo.VillainTest" file="/Users/erik/dbwebb-kurser/mvc/me/report/tests/FlopAndGo/VillainTest.php" line="61" assertions="1" time="0.000160"/>
        <testcase name="testRaiseWithNotEnoughChips" class="App\FlopAndGo\VillainTest" classname="App.FlopAndGo.VillainTest" file="/Users/erik/dbwebb-kurser/mvc/me/report/tests/FlopAndGo/VillainTest.php" line="74" assertions="2" time="0.000198"/>
      </testsuite>
      <testsuite name="App\Poker\BetManagerTest" file="/Users/erik/dbwebb-kurser/mvc/me/report/tests/Poker/BetManagerTest.php" tests="7" assertions="19" errors="0" warnings="0" failures="0" skipped="0" time="0.006466">
        <testcase name="testCreateCardManager" class="App\Poker\BetManagerTest" classname="App.Poker.BetManagerTest" file="/Users/erik/dbwebb-kurser/mvc/me/report/tests/Poker/BetManagerTest.php" line="28" assertions="1" time="0.002414"/>
        <testcase name="testActionIsClosed" class="App\Poker\BetManagerTest" classname="App.Poker.BetManagerTest" file="/Users/erik/dbwebb-kurser/mvc/me/report/tests/Poker/BetManagerTest.php" line="36" assertions="2" time="0.000243"/>
        <testcase name="testGetPrice" class="App\Poker\BetManagerTest" classname="App.Poker.BetManagerTest" file="/Users/erik/dbwebb-kurser/mvc/me/report/tests/Poker/BetManagerTest.php" line="50" assertions="1" time="0.000209"/>
        <testcase name="testGetBiggestBet" class="App\Poker\BetManagerTest" classname="App.Poker.BetManagerTest" file="/Users/erik/dbwebb-kurser/mvc/me/report/tests/Poker/BetManagerTest.php" line="64" assertions="1" time="0.000190"/>
        <testcase name="testGetMinimumRaiseAllowed" class="App\Poker\BetManagerTest" classname="App.Poker.BetManagerTest" file="/Users/erik/dbwebb-kurser/mvc/me/report/tests/Poker/BetManagerTest.php" line="80" assertions="1" time="0.000178"/>
        <testcase name="testResetMethods" class="App\Poker\BetManagerTest" classname="App.Poker.BetManagerTest" file="/Users/erik/dbwebb-kurser/mvc/me/report/tests/Poker/BetManagerTest.php" line="95" assertions="6" time="0.000213"/>
        <testcase name="testPlayerClosedAction" class="App\Poker\BetManagerTest" classname="App.Poker.BetManagerTest" file="/Users/erik/dbwebb-kurser/mvc/me/report/tests/Poker/BetManagerTest.php" line="126" assertions="7" time="0.003019">
          <system-out>playerClosedAction()int(1000)
string(3) "bet"
lastToAct:string(0) ""
int(2)
playerClosedAction()int(1000)
string(4) "fold"
lastToAct:string(0) ""
int(2)
playerClosedAction()int(0)
string(4) "call"
lastToAct:string(0) ""
int(2)
DDDplayerClosedAction()int(0)
string(5) "check"
lastToAct:string(0) ""
int(2)
playerClosedAction()int(0)
string(5) "check"
lastToAct:string(0) ""
int(2)
playerClosedAction()int(0)
string(5) "check"
lastToAct:string(0) ""
int(2)
CCCplayerClosedAction()int(3000)
string(5) "raise"
lastToAct:string(0) ""
int(2)
</system-out>
        </testcase>
      </testsuite>
      <testsuite name="App\Poker\CardManagerTest" file="/Users/erik/dbwebb-kurser/mvc/me/report/tests/Poker/CardManagerTest.php" tests="2" assertions="4" errors="0" warnings="0" failures="0" skipped="0" time="0.002764">
        <testcase name="testCreateCardManager" class="App\Poker\CardManagerTest" classname="App.Poker.CardManagerTest" file="/Users/erik/dbwebb-kurser/mvc/me/report/tests/Poker/CardManagerTest.php" line="31" assertions="1" time="0.001262"/>
        <testcase name="testDealCardsToAllPlayers" class="App\Poker\CardManagerTest" classname="App.Poker.CardManagerTest" file="/Users/erik/dbwebb-kurser/mvc/me/report/tests/Poker/CardManagerTest.php" line="40" assertions="3" time="0.001502"/>
      </testsuite>
      <testsuite name="App\Poker\DealerTest" file="/Users/erik/dbwebb-kurser/mvc/me/report/tests/Poker/DealerTest.php" tests="1" assertions="2" errors="0" warnings="0" failures="0" skipped="0" time="0.000426">
        <testcase name="testDealHoleCards" class="App\Poker\DealerTest" classname="App.Poker.DealerTest" file="/Users/erik/dbwebb-kurser/mvc/me/report/tests/Poker/DealerTest.php" line="38" assertions="2" time="0.000426"/>
      </testsuite>
      <testsuite name="App\Poker\GameTest" file="/Users/erik/dbwebb-kurser/mvc/me/report/tests/Poker/GameTest.php" tests="2" assertions="4" errors="0" warnings="0" failures="0" skipped="0" time="0.001327">
        <testcase name="testCreateGame" class="App\Poker\GameTest" classname="App.Poker.GameTest" file="/Users/erik/dbwebb-kurser/mvc/me/report/tests/Poker/GameTest.php" line="36" assertions="1" time="0.000846"/>
        <testcase name="testGetPlayers" class="App\Poker\GameTest" classname="App.Poker.GameTest" file="/Users/erik/dbwebb-kurser/mvc/me/report/tests/Poker/GameTest.php" line="43" assertions="3" time="0.000481"/>
      </testsuite>
      <testsuite name="App\Poker\ManagerTest" file="/Users/erik/dbwebb-kurser/mvc/me/report/tests/Poker/ManagerTest.php" tests="1" assertions="0" errors="0" warnings="1" failures="0" skipped="0" time="0.000526">
        <testcase name="Warning" assertions="0" time="0.000526">
          <warning type="PHPUnit\Framework\Warning">Warning
No tests found in class "App\Poker\ManagerTest".</warning>
        </testcase>
      </testsuite>
      <testsuite name="App\Poker\PlayerTest" file="/Users/erik/dbwebb-kurser/mvc/me/report/tests/Poker/PlayerTest.php" tests="2" assertions="4" errors="0" warnings="0" failures="0" skipped="0" time="0.000366">
        <testcase name="testCreatePlayer" class="App\Poker\PlayerTest" classname="App.Poker.PlayerTest" file="/Users/erik/dbwebb-kurser/mvc/me/report/tests/Poker/PlayerTest.php" line="37" assertions="1" time="0.000174"/>
        <testcase name="testReceiveCards" class="App\Poker\PlayerTest" classname="App.Poker.PlayerTest" file="/Users/erik/dbwebb-kurser/mvc/me/report/tests/Poker/PlayerTest.php" line="45" assertions="3" time="0.000192"/>
      </testsuite>
      <testsuite name="App\Poker\PositionManagerTest" file="/Users/erik/dbwebb-kurser/mvc/me/report/tests/Poker/PositionManagerTest.php" tests="3" assertions="17" errors="0" warnings="0" failures="0" skipped="0" time="0.001586">
        <testcase name="testCreatePositionManager" class="App\Poker\PositionManagerTest" classname="App.Poker.PositionManagerTest" file="/Users/erik/dbwebb-kurser/mvc/me/report/tests/Poker/PositionManagerTest.php" line="25" assertions="1" time="0.000901"/>
        <testcase name="testPositionsInitAndUpdate" class="App\Poker\PositionManagerTest" classname="App.Poker.PositionManagerTest" file="/Users/erik/dbwebb-kurser/mvc/me/report/tests/Poker/PositionManagerTest.php" line="33" assertions="9" time="0.000454"/>
        <testcase name="testSortByPosition" class="App\Poker\PositionManagerTest" classname="App.Poker.PositionManagerTest" file="/Users/erik/dbwebb-kurser/mvc/me/report/tests/Poker/PositionManagerTest.php" line="68" assertions="7" time="0.000231"/>
      </testsuite>
      <testsuite name="App\Poker\SameHandEvaluatorTest" file="/Users/erik/dbwebb-kurser/mvc/me/report/tests/Poker/SameHandEvaluatorTest.php" tests="8" assertions="15" errors="0" warnings="0" failures="0" skipped="0" time="0.002679">
        <testcase name="testCreateGame" class="App\Poker\SameHandEvaluatorTest" classname="App.Poker.SameHandEvaluatorTest" file="/Users/erik/dbwebb-kurser/mvc/me/report/tests/Poker/SameHandEvaluatorTest.php" line="27" assertions="1" time="0.001284"/>
        <testcase name="testOnePairComparison" class="App\Poker\SameHandEvaluatorTest" classname="App.Poker.SameHandEvaluatorTest" file="/Users/erik/dbwebb-kurser/mvc/me/report/tests/Poker/SameHandEvaluatorTest.php" line="35" assertions="2" time="0.000286"/>
        <testcase name="testTwoPairComparison" class="App\Poker\SameHandEvaluatorTest" classname="App.Poker.SameHandEvaluatorTest" file="/Users/erik/dbwebb-kurser/mvc/me/report/tests/Poker/SameHandEvaluatorTest.php" line="64" assertions="2" time="0.000186"/>
        <testcase name="testTripComparison" class="App\Poker\SameHandEvaluatorTest" classname="App.Poker.SameHandEvaluatorTest" file="/Users/erik/dbwebb-kurser/mvc/me/report/tests/Poker/SameHandEvaluatorTest.php" line="92" assertions="2" time="0.000172"/>
        <testcase name="testQuadsComparison" class="App\Poker\SameHandEvaluatorTest" classname="App.Poker.SameHandEvaluatorTest" file="/Users/erik/dbwebb-kurser/mvc/me/report/tests/Poker/SameHandEvaluatorTest.php" line="120" assertions="2" time="0.000171"/>
        <testcase name="testFullHousesComparison" class="App\Poker\SameHandEvaluatorTest" classname="App.Poker.SameHandEvaluatorTest" file="/Users/erik/dbwebb-kurser/mvc/me/report/tests/Poker/SameHandEvaluatorTest.php" line="149" assertions="2" time="0.000179"/>
        <testcase name="testFlushesComparison" class="App\Poker\SameHandEvaluatorTest" classname="App.Poker.SameHandEvaluatorTest" file="/Users/erik/dbwebb-kurser/mvc/me/report/tests/Poker/SameHandEvaluatorTest.php" line="177" assertions="3" time="0.000218">
          <system-out>Most Frequent Suit: hearts
Most Frequent Suit: hearts
Flush Cards 1: 7, 6, 5, 4, 3, 2, 1
Flush Cards 2: 8, 6, 5, 4, 3, 2, 1
Most Frequent Suit: hearts
Most Frequent Suit: hearts
Flush Cards 1: 7, 6, 5, 4, 3, 2, 1
Flush Cards 2: 6, 5, 4, 3, 2, 1
Most Frequent Suit: hearts
Most Frequent Suit: hearts
Most Frequent Suit: hearts
Flush Cards 1: 7, 6, 5, 4, 3, 2, 1
Flush Cards 2: 8, 6, 5, 4, 3, 2, 1
Flush Cards 3: 9, 7, 6, 5, 4, 3, 2
</system-out>
        </testcase>
        <testcase name="testStraightsComparison" class="App\Poker\SameHandEvaluatorTest" classname="App.Poker.SameHandEvaluatorTest" file="/Users/erik/dbwebb-kurser/mvc/me/report/tests/Poker/SameHandEvaluatorTest.php" line="235" assertions="1" time="0.000183"/>
      </testsuite>
      <testsuite name="App\Repository\BookRepositoryTest" file="/Users/erik/dbwebb-kurser/mvc/me/report/tests/Repository/BookRepositoryTest.php" tests="1" assertions="6" errors="0" warnings="0" failures="0" skipped="0" time="0.015390">
        <testcase name="testProcessBookFromRequest" class="App\Repository\BookRepositoryTest" classname="App.Repository.BookRepositoryTest" file="/Users/erik/dbwebb-kurser/mvc/me/report/tests/Repository/BookRepositoryTest.php" line="18" assertions="6" time="0.015390"/>
      </testsuite>
    </testsuite>
  </testsuite>
</testsuites>
